#
# A fatal error has been detected by the Java Runtime Environment:
#
#  EXCEPTION_ACCESS_VIOLATION (0xc0000005) at pc=0x0000000071964470, pid=23396, tid=0x000000000000b06c
#
# JRE version: Java(TM) SE Runtime Environment (8.0_181-b13) (build 1.8.0_181-b13)
# Java VM: Java HotSpot(TM) 64-Bit Server VM (25.181-b13 mixed mode windows-amd64 compressed oops)
# Problematic frame:
# V  [jvm.dll+0xc4470]
#
# Failed to write core dump. Minidumps are not enabled by default on client versions of Windows
#
# If you would like to submit a bug report, please visit:
#   http://bugreport.java.com/bugreport/crash.jsp
#

---------------  T H R E A D  ---------------

Current thread (0x000000004b34e800):  JavaThread "pool-1-thread-26" [_thread_in_vm, id=45164, stack(0x000000007ba50000,0x000000007bb50000)]

siginfo: ExceptionCode=0xc0000005, reading address 0x000000000000000c

Registers:
RAX=0x000000003aee8f90, RBX=0x00000007c0436040, RCX=0x000000003aee8fd0, RDX=0x000000004de94f68
RSP=0x000000007bb4e620, RBP=0x000000007bb4e730, RSI=0x0000000000000004, RDI=0x00000007c0402e40
R8 =0x0000000000000009, R9 =0x0000000044c6b180, R10=0x000000004ea194c0, R11=0x00000007c0436040
R12=0x000000004b34e800, R13=0x000000007bb4e680, R14=0x000000004bf7d530, R15=0x000000004a6f7310
RIP=0x0000000071964470, EFLAGS=0x0000000000010202

Top of Stack: (sp=0x000000007bb4e620)
0x000000007bb4e620:   000000007bb4e730 0000000000000000
0x000000007bb4e630:   000000004b34e800 0000000000000000
0x000000007bb4e640:   000000003ae30660 0000000040465e90
0x000000007bb4e650:   000000004b34e800 0000000071a49a0c
0x000000007bb4e660:   0000000000000004 0000000003028a10
0x000000007bb4e670:   000000003ae30660 0000000071abe362
0x000000007bb4e680:   000000004ea194c0 000000004b34e800
0x000000007bb4e690:   000000004ea194c0 000000004b34e800
0x000000007bb4e6a0:   000000004792f700 00000000000000b6
0x000000007bb4e6b0:   00000000000000b7 0000000044c6b180
0x000000007bb4e6c0:   000000007bb4e828 00000000000000b7
0x000000007bb4e6d0:   000000007bb4e7b0 0000000071964b17
0x000000007bb4e6e0:   000000007bb4e7b0 000000004de94f68
0x000000007bb4e6f0:   000000004b34e800 000000004b34e9f8
0x000000007bb4e700:   000000004b34e800 000000004ebd4ab0
0x000000007bb4e710:   000000004b34e800 0000000071958ad9 

Instructions: (pc=0x0000000071964470)
0x0000000071964450:   49 39 74 24 08 75 63 48 8b 94 24 c8 00 00 00 48
0x0000000071964460:   85 d2 74 25 80 3d 06 f5 74 00 00 48 8b 32 74 15
0x0000000071964470:   8b 76 08 8b 0d ef 23 6e 00 48 d3 e6 48 03 35 dd
0x0000000071964480:   23 6e 00 eb 04 48 8b 76 08 48 8b 8c 24 c0 00 00 


Register to memory mapping:

RAX=0x000000003aee8f90 is an unknown value
RBX=0x00000007c0436040 is pointing into metadata
RCX=0x000000003aee8fd0 is an unknown value
RDX=0x000000004de94f68 is an unknown value
RSP=0x000000007bb4e620 is pointing into the stack for thread: 0x000000004b34e800
RBP=0x000000007bb4e730 is pointing into the stack for thread: 0x000000004b34e800
RSI=0x0000000000000004 is an unknown value
RDI=0x00000007c0402e40 is pointing into metadata
R8 =0x0000000000000009 is an unknown value
R9 =0x0000000044c6b180 is an unknown value
R10=0x000000004ea194c0 is pointing into metadata
R11=0x00000007c0436040 is pointing into metadata
R12=0x000000004b34e800 is a thread
R13=0x000000007bb4e680 is pointing into the stack for thread: 0x000000004b34e800
R14=0x000000004bf7d530 is an unknown value
R15=0x000000004a6f7310 is an unknown value


Stack: [0x000000007ba50000,0x000000007bb50000],  sp=0x000000007bb4e620,  free space=1017k
Native frames: (J=compiled Java code, j=interpreted, Vv=VM code, C=native code)
V  [jvm.dll+0xc4470]
V  [jvm.dll+0xc4b17]
V  [jvm.dll+0xbd32a]
C  0x00000000032d475e

Java frames: (J=compiled Java code, j=interpreted, Vv=VM code)
j  org.processmining.logfiltering.algorithms.ProtoTypeSelectionAlgo.calculateAlignmentWithICC(Lorg/processmining/framework/plugin/PluginContext;Lorg/processmining/logfiltering/algorithms/ICC/IncrementalReplayer;Lorg/processmining/models/graphbased/directed/petrinet/PetrinetGraph;Lorg/deckfour/xes/model/XLog;Lorg/processmining/logfiltering/algorithms/ICC/IccParameters;Lorg/processmining/plugins/connectionfactories/logpetrinet/TransEvClassMapping;)Lorg/processmining/logfiltering/algorithms/ICC/AlignmentReplayResult;+61
j  org.processmining.logfiltering.algorithms.ProtoTypeSelectionAlgo.apply2(Lorg/processmining/framework/plugin/PluginContext;Lorg/deckfour/xes/model/XLog;Lorg/processmining/models/graphbased/directed/petrinet/Petrinet;Lorg/processmining/logfiltering/parameters/MatrixFilterParameter;Lorg/processmining/plugins/connectionfactories/logpetrinet/TransEvClassMapping;)Ljava/lang/String;+198
j  org.processmining.logfiltering.plugins.ProtoTypeSelectionPlugin.run(Lorg/processmining/framework/plugin/PluginContext;Lorg/deckfour/xes/model/XLog;Lorg/processmining/models/graphbased/directed/petrinet/Petrinet;Lorg/processmining/plugins/connectionfactories/logpetrinet/TransEvClassMapping;Lorg/processmining/logfiltering/parameters/MatrixFilterParameter;)Ljava/lang/String;+57
j  org.processmining.logfiltering.plugins.ProtoTypeSelectionPlugin.run(Lorg/processmining/contexts/uitopia/UIPluginContext;Lorg/deckfour/xes/model/XLog;Lorg/processmining/models/graphbased/directed/petrinet/Petrinet;)Ljava/lang/String;+69
j  sun.reflect.GeneratedMethodAccessor21.invoke(Ljava/lang/Object;[Ljava/lang/Object;)Ljava/lang/Object;+56
j  sun.reflect.DelegatingMethodAccessorImpl.invoke(Ljava/lang/Object;[Ljava/lang/Object;)Ljava/lang/Object;+6
j  java.lang.reflect.Method.invoke(Ljava/lang/Object;[Ljava/lang/Object;)Ljava/lang/Object;+56
j  org.processmining.framework.plugin.impl.PluginDescriptorImpl.execute(Lorg/processmining/framework/plugin/PluginContext;I[Ljava/lang/Object;)[Ljava/lang/Object;+110
j  org.processmining.framework.plugin.impl.AbstractPluginDescriptor$1.doInBackground()Ljava/lang/Object;+184
j  org.processmining.framework.plugin.ProMFuture$1.doInBackground()Ljava/lang/Object;+4
j  javax.swing.SwingWorker$1.call()Ljava/lang/Object;+14
J 12636 C2 java.util.concurrent.FutureTask.run()V (126 bytes) @ 0x0000000004d486d4 [0x0000000004d48620+0xb4]
j  javax.swing.SwingWorker.run()V+4
J 12473 C1 java.util.concurrent.ThreadPoolExecutor.runWorker(Ljava/util/concurrent/ThreadPoolExecutor$Worker;)V (225 bytes) @ 0x0000000003689e0c [0x0000000003688dc0+0x104c]
J 12564 C1 java.util.concurrent.ThreadPoolExecutor$Worker.run()V (9 bytes) @ 0x000000000524728c [0x0000000005247180+0x10c]
J 12524 C1 java.lang.Thread.run()V (17 bytes) @ 0x0000000004a1fdcc [0x0000000004a1fc80+0x14c]
v  ~StubRoutines::call_stub

---------------  P R O C E S S  ---------------

Java Threads: ( => current thread )
  0x000000004b34f000 JavaThread "Thread-433" [_thread_blocked, id=43668, stack(0x000000007bb50000,0x000000007bc50000)]
=>0x000000004b34e800 JavaThread "pool-1-thread-26" [_thread_in_vm, id=45164, stack(0x000000007ba50000,0x000000007bb50000)]
  0x000000004b354800 JavaThread "pool-1-thread-25" [_thread_blocked, id=10032, stack(0x0000000067660000,0x0000000067760000)]
  0x000000004b353800 JavaThread "pool-27-thread-2" [_thread_blocked, id=18008, stack(0x0000000066c60000,0x0000000066d60000)]
  0x000000004b350800 JavaThread "pool-27-thread-1" [_thread_blocked, id=10428, stack(0x0000000066b60000,0x0000000066c60000)]
  0x0000000049cf7800 JavaThread "pool-26-thread-2" [_thread_blocked, id=38600, stack(0x0000000065a60000,0x0000000065b60000)]
  0x000000003e397800 JavaThread "pool-26-thread-1" [_thread_blocked, id=31896, stack(0x0000000065960000,0x0000000065a60000)]
  0x0000000049cf5000 JavaThread "pool-25-thread-2" [_thread_blocked, id=23948, stack(0x0000000065560000,0x0000000065660000)]
  0x0000000049cf6000 JavaThread "pool-25-thread-1" [_thread_blocked, id=27432, stack(0x0000000065460000,0x0000000065560000)]
  0x000000003cd2e000 JavaThread "pool-24-thread-2" [_thread_blocked, id=8060, stack(0x0000000065060000,0x0000000065160000)]
  0x000000003cd2c800 JavaThread "pool-24-thread-1" [_thread_blocked, id=11416, stack(0x0000000064f60000,0x0000000065060000)]
  0x000000003cd31000 JavaThread "pool-23-thread-2" [_thread_blocked, id=23284, stack(0x0000000064a60000,0x0000000064b60000)]
  0x000000003cd2d000 JavaThread "pool-23-thread-1" [_thread_blocked, id=21764, stack(0x0000000064960000,0x0000000064a60000)]
  0x000000003cd2f800 JavaThread "pool-22-thread-2" [_thread_blocked, id=36968, stack(0x0000000064360000,0x0000000064460000)]
  0x000000003cd32800 JavaThread "pool-22-thread-1" [_thread_blocked, id=38540, stack(0x0000000064260000,0x0000000064360000)]
  0x000000003cd32000 JavaThread "pool-21-thread-2" [_thread_blocked, id=29504, stack(0x0000000062560000,0x0000000062660000)]
  0x000000003cd30800 JavaThread "pool-21-thread-1" [_thread_blocked, id=31248, stack(0x0000000062460000,0x0000000062560000)]
  0x000000003cd2e800 JavaThread "pool-20-thread-2" [_thread_blocked, id=35436, stack(0x0000000061f60000,0x0000000062060000)]
  0x0000000049cf8000 JavaThread "pool-20-thread-1" [_thread_blocked, id=23388, stack(0x0000000061e60000,0x0000000061f60000)]
  0x0000000049cf3000 JavaThread "pool-19-thread-2" [_thread_blocked, id=36832, stack(0x0000000060b60000,0x0000000060c60000)]
  0x0000000049cf2000 JavaThread "pool-19-thread-1" [_thread_blocked, id=21772, stack(0x0000000060a60000,0x0000000060b60000)]
  0x0000000049cf6800 JavaThread "pool-18-thread-2" [_thread_blocked, id=16716, stack(0x0000000060460000,0x0000000060560000)]
  0x0000000049cf1000 JavaThread "pool-18-thread-1" [_thread_blocked, id=22284, stack(0x0000000060360000,0x0000000060460000)]
  0x0000000049cf3800 JavaThread "pool-17-thread-2" [_thread_blocked, id=34640, stack(0x000000005ec60000,0x000000005ed60000)]
  0x000000003f579800 JavaThread "pool-17-thread-1" [_thread_blocked, id=15284, stack(0x000000005eb60000,0x000000005ec60000)]
  0x000000003e399000 JavaThread "pool-16-thread-2" [_thread_blocked, id=13668, stack(0x000000005e760000,0x000000005e860000)]
  0x000000003e397000 JavaThread "pool-16-thread-1" [_thread_blocked, id=25852, stack(0x000000005e660000,0x000000005e760000)]
  0x000000003e398800 JavaThread "pool-15-thread-2" [_thread_blocked, id=1216, stack(0x000000005e160000,0x000000005e260000)]
  0x000000003e39a800 JavaThread "pool-15-thread-1" [_thread_blocked, id=11392, stack(0x000000005e060000,0x000000005e160000)]
  0x000000003e396000 JavaThread "SwingWorker-pool-3-thread-10" daemon [_thread_blocked, id=28240, stack(0x000000005d560000,0x000000005d660000)]
  0x000000003e39a000 JavaThread "pool-14-thread-2" [_thread_blocked, id=34212, stack(0x000000005d360000,0x000000005d460000)]
  0x000000003e394800 JavaThread "pool-14-thread-1" [_thread_blocked, id=41592, stack(0x000000005d260000,0x000000005d360000)]
  0x000000003e395800 JavaThread "pool-13-thread-2" [_thread_blocked, id=1392, stack(0x000000005d160000,0x000000005d260000)]
  0x000000003f578800 JavaThread "pool-13-thread-1" [_thread_blocked, id=37748, stack(0x000000005d060000,0x000000005d160000)]
  0x000000003f578000 JavaThread "pool-12-thread-2" [_thread_blocked, id=13140, stack(0x000000005cf60000,0x000000005d060000)]
  0x00000000415c0800 JavaThread "pool-12-thread-1" [_thread_blocked, id=2356, stack(0x000000005ce60000,0x000000005cf60000)]
  0x00000000415c3800 JavaThread "pool-11-thread-2" [_thread_blocked, id=28996, stack(0x000000005cd60000,0x000000005ce60000)]
  0x0000000042bfd000 JavaThread "pool-11-thread-1" [_thread_blocked, id=39816, stack(0x000000005cc60000,0x000000005cd60000)]
  0x000000003f57a000 JavaThread "SwingWorker-pool-3-thread-9" daemon [_thread_blocked, id=35528, stack(0x000000005ca60000,0x000000005cb60000)]
  0x000000003f57c800 JavaThread "SwingWorker-pool-3-thread-8" daemon [_thread_blocked, id=29972, stack(0x000000005c360000,0x000000005c460000)]
  0x000000003f57b800 JavaThread "SwingWorker-pool-3-thread-7" daemon [_thread_blocked, id=23180, stack(0x000000005c060000,0x000000005c160000)]
  0x0000000044cb8800 JavaThread "pool-10-thread-2" [_thread_blocked, id=34028, stack(0x000000005bc60000,0x000000005bd60000)]
  0x00000000415c4000 JavaThread "pool-10-thread-1" [_thread_blocked, id=32744, stack(0x000000005bb60000,0x000000005bc60000)]
  0x0000000044cbd000 JavaThread "pool-9-thread-2" [_thread_blocked, id=20472, stack(0x000000005b260000,0x000000005b360000)]
  0x0000000044cbb800 JavaThread "pool-9-thread-1" [_thread_blocked, id=37940, stack(0x000000005b160000,0x000000005b260000)]
  0x0000000044cbf000 JavaThread "pool-8-thread-2" [_thread_blocked, id=21040, stack(0x000000005b060000,0x000000005b160000)]
  0x0000000044cba800 JavaThread "pool-8-thread-1" [_thread_blocked, id=38504, stack(0x000000005af60000,0x000000005b060000)]
  0x0000000044cba000 JavaThread "SwingWorker-pool-3-thread-6" daemon [_thread_blocked, id=1600, stack(0x000000005ad60000,0x000000005ae60000)]
  0x0000000044cbd800 JavaThread "pool-6-thread-2" [_thread_blocked, id=4168, stack(0x000000005a360000,0x000000005a460000)]
  0x0000000044cbe800 JavaThread "pool-6-thread-1" [_thread_blocked, id=30584, stack(0x000000005a260000,0x000000005a360000)]
  0x0000000044cb9000 JavaThread "SwingWorker-pool-3-thread-5" daemon [_thread_blocked, id=3588, stack(0x0000000059f60000,0x000000005a060000)]
  0x0000000042bfc800 JavaThread "SwingWorker-pool-3-thread-4" daemon [_thread_blocked, id=37452, stack(0x0000000058460000,0x0000000058560000)]
  0x0000000042bfb000 JavaThread "pool-5-thread-2" [_thread_blocked, id=12892, stack(0x0000000058260000,0x0000000058360000)]
  0x0000000042bfa000 JavaThread "pool-5-thread-1" [_thread_blocked, id=18040, stack(0x0000000058160000,0x0000000058260000)]
  0x00000000415c1000 JavaThread "SwingWorker-pool-3-thread-3" daemon [_thread_blocked, id=38260, stack(0x0000000057e60000,0x0000000057f60000)]
  0x00000000415c2000 JavaThread "pool-4-thread-2" [_thread_blocked, id=40680, stack(0x0000000057c60000,0x0000000057d60000)]
  0x00000000415c5800 JavaThread "pool-4-thread-1" [_thread_blocked, id=28824, stack(0x0000000057b60000,0x0000000057c60000)]
  0x00000000415c2800 JavaThread "SwingWorker-pool-3-thread-2" daemon [_thread_blocked, id=32344, stack(0x0000000057860000,0x0000000057960000)]
  0x0000000042bfe800 JavaThread "SwingWorker-pool-3-thread-1" daemon [_thread_blocked, id=33672, stack(0x0000000057360000,0x0000000057460000)]
  0x0000000042bf3800 JavaThread "Swing-Shell" daemon [_thread_blocked, id=30512, stack(0x0000000056460000,0x0000000056560000)]
  0x0000000042bf8000 JavaThread "DestroyJavaVM" [_thread_blocked, id=22124, stack(0x0000000002eb0000,0x0000000002fb0000)]
  0x0000000042bf8800 JavaThread "TimerQueue" daemon [_thread_blocked, id=15188, stack(0x0000000055f60000,0x0000000056060000)]
  0x0000000042bf1000 JavaThread "AWT-EventQueue-0" [_thread_blocked, id=14588, stack(0x0000000055e60000,0x0000000055f60000)]
  0x0000000042bf6800 JavaThread "AWT-Windows" daemon [_thread_in_native, id=14132, stack(0x0000000055d60000,0x0000000055e60000)]
  0x0000000042bf2000 JavaThread "AWT-Shutdown" [_thread_blocked, id=22408, stack(0x0000000055c60000,0x0000000055d60000)]
  0x0000000042bf0800 JavaThread "Java2D Disposer" daemon [_thread_blocked, id=26700, stack(0x0000000055b60000,0x0000000055c60000)]
  0x000000003c670000 JavaThread "Service Thread" daemon [_thread_blocked, id=39756, stack(0x000000003d7e0000,0x000000003d8e0000)]
  0x000000003c601000 JavaThread "C1 CompilerThread3" daemon [_thread_blocked, id=21484, stack(0x000000003d6e0000,0x000000003d7e0000)]
  0x000000003c494000 JavaThread "C2 CompilerThread2" daemon [_thread_blocked, id=27292, stack(0x000000003d5e0000,0x000000003d6e0000)]
  0x000000003c4e3800 JavaThread "C2 CompilerThread1" daemon [_thread_blocked, id=7508, stack(0x000000003d4e0000,0x000000003d5e0000)]
  0x000000003c75d800 JavaThread "C2 CompilerThread0" daemon [_thread_blocked, id=42492, stack(0x000000003d3e0000,0x000000003d4e0000)]
  0x000000003ae35000 JavaThread "JDWP Command Reader" daemon [_thread_in_native, id=35860, stack(0x000000003bb10000,0x000000003bc10000)]
  0x000000003ae31800 JavaThread "JDWP Event Helper Thread" daemon [_thread_blocked, id=11644, stack(0x000000003ba10000,0x000000003bb10000)]
  0x000000003ae27000 JavaThread "JDWP Transport Listener: dt_socket" daemon [_thread_blocked, id=4092, stack(0x000000003b910000,0x000000003ba10000)]
  0x000000003ae17000 JavaThread "Attach Listener" daemon [_thread_blocked, id=4796, stack(0x000000003b4d0000,0x000000003b5d0000)]
  0x000000003ae16000 JavaThread "Signal Dispatcher" daemon [_thread_blocked, id=39384, stack(0x000000003b3d0000,0x000000003b4d0000)]
  0x000000003ae00800 JavaThread "Finalizer" daemon [_thread_blocked, id=29680, stack(0x000000003b1e0000,0x000000003b2e0000)]
  0x0000000038f04800 JavaThread "Reference Handler" daemon [_thread_blocked, id=36924, stack(0x000000003ace0000,0x000000003ade0000)]

Other Threads:
  0x0000000038efa800 VMThread [stack: 0x000000003abe0000,0x000000003ace0000] [id=24384]
  0x000000003c71b800 WatcherThread [stack: 0x000000003d8e0000,0x000000003d9e0000] [id=9248]

VM state:synchronizing (normal execution)

VM Mutex/Monitor currently owned by a thread:  ([mutex/lock_event])
[0x0000000003037610] Threads_lock - owner thread: 0x0000000038efa800

Heap:
 PSYoungGen      total 2114560K, used 1331878K [0x000000066ab00000, 0x000000071e300000, 0x00000007c0000000)
  eden space 1369088K, 61% used [0x000000066ab00000,0x000000069e390d80,0x00000006be400000)
  from space 745472K, 65% used [0x00000006be400000,0x00000006dc018a80,0x00000006ebc00000)
  to   space 754176K, 0% used [0x00000006f0280000,0x00000006f0280000,0x000000071e300000)
 ParOldGen       total 1400832K, used 1071333K [0x00000003c0000000, 0x0000000415800000, 0x000000066ab00000)
  object space 1400832K, 76% used [0x00000003c0000000,0x00000004016396f8,0x0000000415800000)
 Metaspace       used 51943K, capacity 52255K, committed 52736K, reserved 1095680K
  class space    used 7333K, capacity 7414K, committed 7424K, reserved 1048576K

Card table byte_map: [0x0000000012660000,0x0000000014670000] byte_map_base: 0x0000000010860000

Marking Bits: (ParMarkBitMap*) 0x00000000720c2d00
 Begin Bits: [0x00000000163d0000, 0x00000000263d0000)
 End Bits:   [0x00000000263d0000, 0x00000000363d0000)

Polling page: 0x0000000000df0000

CodeCache: size=245760Kb used=37841Kb max_used=37860Kb free=207918Kb
 bounds [0x00000000032a0000, 0x00000000057f0000, 0x00000000122a0000]
 total_blobs=9740 nmethods=9006 adapters=652
 compilation: enabled

Compilation events (10 events):
Event: 359699.613 Thread 0x000000003c4e3800 12826       4       javax.swing.text.ParagraphView::paint (209 bytes)
Event: 359699.615 Thread 0x000000003c4e3800 nmethod 12826 0x0000000005720110 code [0x0000000005720260, 0x0000000005720348]
Event: 359700.018 Thread 0x000000003c494000 12827       4       sun.swing.SwingUtilities2::drawChars (379 bytes)
Event: 359700.140 Thread 0x000000003c494000 nmethod 12827 0x00000000057ace50 code [0x00000000057ad320, 0x00000000057b2278]
Event: 359711.001 Thread 0x000000003c4e3800 12828       4       com.fluxicon.slickerbox.ui.SlickerScrollBarUI::getTrackSize (48 bytes)
Event: 359711.002 Thread 0x000000003c4e3800 nmethod 12828 0x0000000005721ad0 code [0x0000000005721c00, 0x0000000005721cb8]
Event: 359711.481 Thread 0x000000003c601000 12829       3       org.deckfour.xes.info.impl.XLogInfoImpl::<init> (270 bytes)
Event: 359711.483 Thread 0x000000003c601000 nmethod 12829 0x000000000577fa10 code [0x000000000577fe00, 0x0000000005781ec8]
Event: 359711.490 Thread 0x000000003c75d800 12830       4       org.processmining.logfiltering.algorithms.ICC.ApproxAlignmentReplayer::TraceVariantKnown (22 bytes)
Event: 359711.495 Thread 0x000000003c75d800 nmethod 12830 0x00000000057aaa50 code [0x00000000057aabc0, 0x00000000057aafb8]

GC Heap History (10 events):
Event: 240239.174 GC heap before
{Heap before GC invocations=45 (full 6):
 PSYoungGen      total 1842176K, used 1704743K [0x000000066ab00000, 0x00000006fed80000, 0x00000007c0000000)
  eden space 1321472K, 100% used [0x000000066ab00000,0x00000006bb580000,0x00000006bb580000)
  from space 520704K, 73% used [0x00000006dc680000,0x00000006f3cc9ea8,0x00000006fc300000)
  to   space 541696K, 0% used [0x00000006bb580000,0x00000006bb580000,0x00000006dc680000)
 ParOldGen       total 1400832K, used 876022K [0x00000003c0000000, 0x0000000415800000, 0x000000066ab00000)
  object space 1400832K, 62% used [0x00000003c0000000,0x00000003f577d980,0x0000000415800000)
 Metaspace       used 51271K, capacity 51596K, committed 52224K, reserved 1093632K
  class space    used 7290K, capacity 7381K, committed 7424K, reserved 1048576K
Event: 240239.407 GC heap after
Heap after GC invocations=45 (full 6):
 PSYoungGen      total 1863168K, used 541690K [0x000000066ab00000, 0x000000070b780000, 0x00000007c0000000)
  eden space 1321472K, 0% used [0x000000066ab00000,0x000000066ab00000,0x00000006bb580000)
  from space 541696K, 99% used [0x00000006bb580000,0x00000006dc67eb10,0x00000006dc680000)
  to   space 629760K, 0% used [0x00000006e5080000,0x00000006e5080000,0x000000070b780000)
 ParOldGen       total 1400832K, used 914609K [0x00000003c0000000, 0x0000000415800000, 0x000000066ab00000)
  object space 1400832K, 65% used [0x00000003c0000000,0x00000003f7d2c6c8,0x0000000415800000)
 Metaspace       used 51271K, capacity 51596K, committed 52224K, reserved 1093632K
  class space    used 7290K, capacity 7381K, committed 7424K, reserved 1048576K
}
Event: 240246.083 GC heap before
{Heap before GC invocations=46 (full 6):
 PSYoungGen      total 1863168K, used 1863162K [0x000000066ab00000, 0x000000070b780000, 0x00000007c0000000)
  eden space 1321472K, 100% used [0x000000066ab00000,0x00000006bb580000,0x00000006bb580000)
  from space 541696K, 99% used [0x00000006bb580000,0x00000006dc67eb10,0x00000006dc680000)
  to   space 629760K, 0% used [0x00000006e5080000,0x00000006e5080000,0x000000070b780000)
 ParOldGen       total 1400832K, used 914609K [0x00000003c0000000, 0x0000000415800000, 0x000000066ab00000)
  object space 1400832K, 65% used [0x00000003c0000000,0x00000003f7d2c6c8,0x0000000415800000)
 Metaspace       used 51279K, capacity 51596K, committed 52224K, reserved 1093632K
  class space    used 7291K, capacity 7381K, committed 7424K, reserved 1048576K
Event: 240246.388 GC heap after
Heap after GC invocations=46 (full 6):
 PSYoungGen      total 1924608K, used 604399K [0x000000066ab00000, 0x0000000718700000, 0x00000007c0000000)
  eden space 1294848K, 0% used [0x000000066ab00000,0x000000066ab00000,0x00000006b9b80000)
  from space 629760K, 95% used [0x00000006e5080000,0x0000000709ebbe00,0x000000070b780000)
  to   space 709632K, 0% used [0x00000006b9b80000,0x00000006b9b80000,0x00000006e5080000)
 ParOldGen       total 1400832K, used 991793K [0x00000003c0000000, 0x0000000415800000, 0x000000066ab00000)
  object space 1400832K, 70% used [0x00000003c0000000,0x00000003fc88c4e0,0x0000000415800000)
 Metaspace       used 51279K, capacity 51596K, committed 52224K, reserved 1093632K
  class space    used 7291K, capacity 7381K, committed 7424K, reserved 1048576K
}
Event: 240257.652 GC heap before
{Heap before GC invocations=47 (full 6):
 PSYoungGen      total 1924608K, used 1899247K [0x000000066ab00000, 0x0000000718700000, 0x00000007c0000000)
  eden space 1294848K, 100% used [0x000000066ab00000,0x00000006b9b80000,0x00000006b9b80000)
  from space 629760K, 95% used [0x00000006e5080000,0x0000000709ebbe00,0x000000070b780000)
  to   space 709632K, 0% used [0x00000006b9b80000,0x00000006b9b80000,0x00000006e5080000)
 ParOldGen       total 1400832K, used 991793K [0x00000003c0000000, 0x0000000415800000, 0x000000066ab00000)
  object space 1400832K, 70% used [0x00000003c0000000,0x00000003fc88c4e0,0x0000000415800000)
 Metaspace       used 51292K, capacity 51596K, committed 52224K, reserved 1093632K
  class space    used 7292K, capacity 7381K, committed 7424K, reserved 1048576K
Event: 240257.826 GC heap after
Heap after GC invocations=47 (full 6):
 PSYoungGen      total 2004480K, used 489377K [0x000000066ab00000, 0x0000000719380000, 0x00000007c0000000)
  eden space 1294848K, 0% used [0x000000066ab00000,0x000000066ab00000,0x00000006b9b80000)
  from space 709632K, 68% used [0x00000006b9b80000,0x00000006d79685b8,0x00000006e5080000)
  to   space 730624K, 0% used [0x00000006eca00000,0x00000006eca00000,0x0000000719380000)
 ParOldGen       total 1400832K, used 991801K [0x00000003c0000000, 0x0000000415800000, 0x000000066ab00000)
  object space 1400832K, 70% used [0x00000003c0000000,0x00000003fc88e4e0,0x0000000415800000)
 Metaspace       used 51292K, capacity 51596K, committed 52224K, reserved 1093632K
  class space    used 7292K, capacity 7381K, committed 7424K, reserved 1048576K
}
Event: 358732.441 GC heap before
{Heap before GC invocations=48 (full 6):
 PSYoungGen      total 2004480K, used 1784225K [0x000000066ab00000, 0x0000000719380000, 0x00000007c0000000)
  eden space 1294848K, 100% used [0x000000066ab00000,0x00000006b9b80000,0x00000006b9b80000)
  from space 709632K, 68% used [0x00000006b9b80000,0x00000006d79685b8,0x00000006e5080000)
  to   space 730624K, 0% used [0x00000006eca00000,0x00000006eca00000,0x0000000719380000)
 ParOldGen       total 1400832K, used 991801K [0x00000003c0000000, 0x0000000415800000, 0x000000066ab00000)
  object space 1400832K, 70% used [0x00000003c0000000,0x00000003fc88e4e0,0x0000000415800000)
 Metaspace       used 51720K, capacity 52057K, committed 52480K, reserved 1093632K
  class space    used 7313K, capacity 7413K, committed 7424K, reserved 1048576K
Event: 358733.786 GC heap after
Heap after GC invocations=48 (full 6):
 PSYoungGen      total 2099712K, used 489332K [0x000000066ab00000, 0x0000000719400000, 0x00000007c0000000)
  eden space 1369088K, 0% used [0x000000066ab00000,0x000000066ab00000,0x00000006be400000)
  from space 730624K, 66% used [0x00000006eca00000,0x000000070a7dd108,0x0000000719380000)
  to   space 745472K, 0% used [0x00000006be400000,0x00000006be400000,0x00000006ebc00000)
 ParOldGen       total 1400832K, used 1046525K [0x00000003c0000000, 0x0000000415800000, 0x000000066ab00000)
  object space 1400832K, 74% used [0x00000003c0000000,0x00000003ffdff6d8,0x0000000415800000)
 Metaspace       used 51720K, capacity 52057K, committed 52480K, reserved 1093632K
  class space    used 7313K, capacity 7413K, committed 7424K, reserved 1048576K
}
Event: 359258.358 GC heap before
{Heap before GC invocations=49 (full 6):
 PSYoungGen      total 2099712K, used 1858420K [0x000000066ab00000, 0x0000000719400000, 0x00000007c0000000)
  eden space 1369088K, 100% used [0x000000066ab00000,0x00000006be400000,0x00000006be400000)
  from space 730624K, 66% used [0x00000006eca00000,0x000000070a7dd108,0x0000000719380000)
  to   space 745472K, 0% used [0x00000006be400000,0x00000006be400000,0x00000006ebc00000)
 ParOldGen       total 1400832K, used 1046525K [0x00000003c0000000, 0x0000000415800000, 0x000000066ab00000)
  object space 1400832K, 74% used [0x00000003c0000000,0x00000003ffdff6d8,0x0000000415800000)
 Metaspace       used 51855K, capacity 52191K, committed 52736K, reserved 1095680K
  class space    used 7330K, capacity 7414K, committed 7424K, reserved 1048576K
Event: 359258.601 GC heap after
Heap after GC invocations=49 (full 6):
 PSYoungGen      total 2114560K, used 487522K [0x000000066ab00000, 0x000000071e300000, 0x00000007c0000000)
  eden space 1369088K, 0% used [0x000000066ab00000,0x000000066ab00000,0x00000006be400000)
  from space 745472K, 65% used [0x00000006be400000,0x00000006dc018a80,0x00000006ebc00000)
  to   space 754176K, 0% used [0x00000006f0280000,0x00000006f0280000,0x000000071e300000)
 ParOldGen       total 1400832K, used 1071333K [0x00000003c0000000, 0x0000000415800000, 0x000000066ab00000)
  object space 1400832K, 76% used [0x00000003c0000000,0x00000004016396f8,0x0000000415800000)
 Metaspace       used 51855K, capacity 52191K, committed 52736K, reserved 1095680K
  class space    used 7330K, capacity 7414K, committed 7424K, reserved 1048576K
}

Deoptimization events (10 events):
Event: 358846.312 Thread 0x0000000042bf1000 Uncommon trap: reason=unstable_if action=reinterpret pc=0x0000000003780f00 method=javax.swing.Timer$DoPostEvent.run()V @ 44
Event: 358923.941 Thread 0x000000004b354800 Uncommon trap: reason=unhandled action=none pc=0x0000000003cf940c method=java.net.URLClassLoader.findClass(Ljava/lang/String;)Ljava/lang/Class; @ 44
Event: 358923.944 Thread 0x000000004b354800 Uncommon trap: reason=unhandled action=none pc=0x0000000003cf940c method=java.net.URLClassLoader.findClass(Ljava/lang/String;)Ljava/lang/Class; @ 44
Event: 359216.558 Thread 0x000000004b351800 Uncommon trap: reason=class_check action=maybe_recompile pc=0x00000000047b1534 method=org.deckfour.xes.classification.XEventClasses.getClassOf(Lorg/deckfour/xes/model/XEvent;)Lorg/deckfour/xes/classification/XEventClass; @ 9
Event: 359216.558 Thread 0x000000004b351800 Uncommon trap: reason=class_check action=maybe_recompile pc=0x0000000004ccf9d8 method=org.deckfour.xes.classification.XEventClasses.getClassOf(Lorg/deckfour/xes/model/XEvent;)Lorg/deckfour/xes/classification/XEventClass; @ 9
Event: 359216.558 Thread 0x000000004b351800 Uncommon trap: reason=class_check action=maybe_recompile pc=0x00000000047b1534 method=org.deckfour.xes.classification.XEventClasses.getClassOf(Lorg/deckfour/xes/model/XEvent;)Lorg/deckfour/xes/classification/XEventClass; @ 9
Event: 359216.561 Thread 0x000000004b351800 Uncommon trap: reason=class_check action=maybe_recompile pc=0x00000000052e7704 method=org.deckfour.xes.classification.XEventClasses.getClassOf(Lorg/deckfour/xes/model/XEvent;)Lorg/deckfour/xes/classification/XEventClass; @ 9
Event: 359217.209 Thread 0x000000004b34e800 Uncommon trap: reason=class_check action=maybe_recompile pc=0x00000000047b1534 method=org.deckfour.xes.classification.XEventClasses.getClassOf(Lorg/deckfour/xes/model/XEvent;)Lorg/deckfour/xes/classification/XEventClass; @ 9
Event: 359217.209 Thread 0x000000004b34e800 Uncommon trap: reason=class_check action=maybe_recompile pc=0x0000000004ccf9d8 method=org.deckfour.xes.classification.XEventClasses.getClassOf(Lorg/deckfour/xes/model/XEvent;)Lorg/deckfour/xes/classification/XEventClass; @ 9
Event: 359227.806 Thread 0x0000000042bf1000 Uncommon trap: reason=unstable_if action=reinterpret pc=0x000000000530e0a8 method=java.awt.Component.dispatchEventImpl(Ljava/awt/AWTEvent;)V @ 405

Classes redefined (10 events):
Event: 358922.738 Thread 0x0000000038efa800 redefined class name=org.processmining.logfiltering.algorithms.ProtoTypeSelectionAlgo, count=15
Event: 359184.931 Thread 0x0000000038efa800 redefined class name=org.processmining.logfiltering.algorithms.ProtoTypeSelectionAlgo$AlignObj, count=13
Event: 359184.960 Thread 0x0000000038efa800 redefined class name=org.processmining.logfiltering.algorithms.ProtoTypeSelectionAlgo$Variant, count=13
Event: 359184.993 Thread 0x0000000038efa800 redefined class name=org.processmining.logfiltering.algorithms.ProtoTypeSelectionAlgo, count=16
Event: 359667.996 Thread 0x0000000038efa800 redefined class name=org.processmining.logfiltering.algorithms.ProtoTypeSelectionAlgo$AlignObj, count=14
Event: 359668.027 Thread 0x0000000038efa800 redefined class name=org.processmining.logfiltering.algorithms.ProtoTypeSelectionAlgo$Variant, count=14
Event: 359668.060 Thread 0x0000000038efa800 redefined class name=org.processmining.logfiltering.algorithms.ProtoTypeSelectionAlgo, count=17
Event: 359703.379 Thread 0x0000000038efa800 redefined class name=org.processmining.logfiltering.algorithms.ProtoTypeSelectionAlgo$AlignObj, count=15
Event: 359703.411 Thread 0x0000000038efa800 redefined class name=org.processmining.logfiltering.algorithms.ProtoTypeSelectionAlgo$Variant, count=15
Event: 359703.443 Thread 0x0000000038efa800 redefined class name=org.processmining.logfiltering.algorithms.ProtoTypeSelectionAlgo, count=18

Internal exceptions (10 events):
Event: 227687.324 Thread 0x0000000042bf1000 Implicit null exception at 0x0000000005148ac9 to 0x0000000005148b59
Event: 234616.605 Thread 0x0000000042bf1000 Implicit null exception at 0x00000000050c0132 to 0x00000000050c1725
Event: 235474.232 Thread 0x0000000042bf1000 Implicit null exception at 0x0000000004862dc5 to 0x00000000048636f5
Event: 235934.227 Thread 0x0000000042bf8800 Implicit null exception at 0x0000000003cc8bc1 to 0x0000000003cc8f35
Event: 238783.025 Thread 0x000000003cd31000 Implicit null exception at 0x0000000004724592 to 0x0000000004725b55
Event: 238783.025 Thread 0x000000003cd31000 Exception <a 'java/lang/reflect/InvocationTargetException'> (0x0000000682e7eb18) thrown at [C:\re\workspace\8-2-build-windows-amd64-cygwin\jdk8u181\11358\hotspot\src\share\vm\runtime\reflection.cpp, line 1092]
Event: 358825.168 Thread 0x000000004b354800 Implicit null exception at 0x0000000004a3a296 to 0x0000000004a3a791
Event: 358923.944 Thread 0x000000004b354800 Exception <a 'java/lang/NullPointerException'> (0x0000000695bf95b0) thrown at [C:\re\workspace\8-2-build-windows-amd64-cygwin\jdk8u181\11358\hotspot\src\share\vm\interpreter\linkResolver.cpp, line 1287]
Event: 358962.613 Thread 0x000000004b354800 Exception <a 'java/lang/NullPointerException'> (0x00000006a3fe2528) thrown at [C:\re\workspace\8-2-build-windows-amd64-cygwin\jdk8u181\11358\hotspot\src\share\vm\interpreter\linkResolver.cpp, line 1287]
Event: 359025.120 Thread 0x000000004b354800 Exception <a 'java/lang/NullPointerException'> (0x00000006b25e0b40) thrown at [C:\re\workspace\8-2-build-windows-amd64-cygwin\jdk8u181\11358\hotspot\src\share\vm\interpreter\linkResolver.cpp, line 1287]

Events (10 events):
Event: 359713.187 Executing VM operation: GetOrSetLocal done
Event: 359713.187 Executing VM operation: GetOrSetLocal
Event: 359713.187 Executing VM operation: GetOrSetLocal done
Event: 359713.187 Executing VM operation: GetOrSetLocal
Event: 359713.187 Executing VM operation: GetOrSetLocal done
Event: 359713.188 Executing VM operation: GetOrSetLocal
Event: 359713.188 Executing VM operation: GetOrSetLocal done
Event: 359713.553 Thread 0x000000004b351800 Thread added: 0x000000004b351800
Event: 359713.556 Thread 0x000000004b351800 Thread exited: 0x000000004b351800
Event: 359714.326 Executing VM operation: GetObjectMonitorUsage


Dynamic libraries:
0x00007ff736ce0000 - 0x00007ff736d17000 	C:\Program Files\Java\jre1.8.0_181\bin\javaw.exe
0x00007ff860fe0000 - 0x00007ff8611c1000 	C:\Windows\SYSTEM32\ntdll.dll
0x00007ff8606f0000 - 0x00007ff8607a1000 	C:\Windows\System32\KERNEL32.DLL
0x00007ff85da70000 - 0x00007ff85dce3000 	C:\Windows\System32\KERNELBASE.dll
0x00007ff85fb10000 - 0x00007ff85fbb1000 	C:\Windows\System32\ADVAPI32.dll
0x00007ff8601d0000 - 0x00007ff86026e000 	C:\Windows\System32\msvcrt.dll
0x00007ff860ee0000 - 0x00007ff860f3b000 	C:\Windows\System32\sechost.dll
0x00007ff85e4c0000 - 0x00007ff85e5e4000 	C:\Windows\System32\RPCRT4.dll
0x00007ff860270000 - 0x00007ff860400000 	C:\Windows\System32\USER32.dll
0x00007ff85d9d0000 - 0x00007ff85d9f0000 	C:\Windows\System32\win32u.dll
0x00007ff8604f0000 - 0x00007ff860518000 	C:\Windows\System32\GDI32.dll
0x00007ff85d3a0000 - 0x00007ff85d531000 	C:\Windows\System32\gdi32full.dll
0x00007ff85d740000 - 0x00007ff85d7df000 	C:\Windows\System32\msvcp_win.dll
0x00007ff85d540000 - 0x00007ff85d638000 	C:\Windows\System32\ucrtbase.dll
0x00007ff84c5c0000 - 0x00007ff84c829000 	C:\Windows\WinSxS\amd64_microsoft.windows.common-controls_6595b64144ccf1df_6.0.17134.1006_none_d3fbb8f77c940c3f\COMCTL32.dll
0x00007ff85fd10000 - 0x00007ff860031000 	C:\Windows\System32\combase.dll
0x00007ff85d9f0000 - 0x00007ff85da69000 	C:\Windows\System32\bcryptPrimitives.dll
0x00007ff85e5f0000 - 0x00007ff85e61d000 	C:\Windows\System32\IMM32.DLL
0x00000000716e0000 - 0x00000000717b2000 	C:\Program Files\Java\jre1.8.0_181\bin\msvcr100.dll
0x00000000718a0000 - 0x0000000072142000 	C:\Program Files\Java\jre1.8.0_181\bin\server\jvm.dll
0x00007ff860540000 - 0x00007ff860548000 	C:\Windows\System32\PSAPI.DLL
0x00007ff858140000 - 0x00007ff858149000 	C:\Windows\SYSTEM32\WSOCK32.dll
0x00007ff858960000 - 0x00007ff85896a000 	C:\Windows\SYSTEM32\VERSION.dll
0x00007ff853b60000 - 0x00007ff853b83000 	C:\Windows\SYSTEM32\WINMM.dll
0x00007ff860f40000 - 0x00007ff860fac000 	C:\Windows\System32\WS2_32.dll
0x00007ff853950000 - 0x00007ff85397a000 	C:\Windows\SYSTEM32\winmmbase.dll
0x00007ff85d640000 - 0x00007ff85d689000 	C:\Windows\System32\cfgmgr32.dll
0x0000000071890000 - 0x000000007189f000 	C:\Program Files\Java\jre1.8.0_181\bin\verify.dll
0x0000000071860000 - 0x0000000071889000 	C:\Program Files\Java\jre1.8.0_181\bin\java.dll
0x00000000716a0000 - 0x00000000716d5000 	C:\Program Files\Java\jre1.8.0_181\bin\jdwp.dll
0x0000000071690000 - 0x0000000071698000 	C:\Program Files\Java\jre1.8.0_181\bin\npt.dll
0x0000000071660000 - 0x0000000071683000 	C:\Program Files\Java\jre1.8.0_181\bin\instrument.dll
0x0000000071840000 - 0x0000000071856000 	C:\Program Files\Java\jre1.8.0_181\bin\zip.dll
0x00007ff85e6c0000 - 0x00007ff85fb02000 	C:\Windows\System32\SHELL32.dll
0x00007ff860870000 - 0x00007ff860919000 	C:\Windows\System32\shcore.dll
0x00007ff85dd50000 - 0x00007ff85e45e000 	C:\Windows\System32\windows.storage.dll
0x00007ff860810000 - 0x00007ff860861000 	C:\Windows\System32\shlwapi.dll
0x00007ff85d380000 - 0x00007ff85d391000 	C:\Windows\System32\kernel.appcore.dll
0x00007ff85d360000 - 0x00007ff85d37f000 	C:\Windows\System32\profapi.dll
0x00007ff85d310000 - 0x00007ff85d35c000 	C:\Windows\System32\powrprof.dll
0x00007ff85d300000 - 0x00007ff85d30a000 	C:\Windows\System32\FLTLIB.DLL
0x0000000071650000 - 0x0000000071659000 	C:\Program Files\Java\jre1.8.0_181\bin\dt_socket.dll
0x00007ff842150000 - 0x00007ff842166000 	C:\Windows\system32\napinsp.dll
0x00007ff842710000 - 0x00007ff84272a000 	C:\Windows\system32\pnrpnsp.dll
0x00007ff857950000 - 0x00007ff857969000 	C:\Windows\system32\NLAapi.dll
0x00007ff85cb60000 - 0x00007ff85cbc6000 	C:\Windows\System32\mswsock.dll
0x00007ff85c8f0000 - 0x00007ff85c9ae000 	C:\Windows\SYSTEM32\DNSAPI.dll
0x00007ff860040000 - 0x00007ff860048000 	C:\Windows\System32\NSI.dll
0x00007ff85c8b0000 - 0x00007ff85c8e8000 	C:\Windows\SYSTEM32\IPHLPAPI.DLL
0x00007ff843200000 - 0x00007ff84320e000 	C:\Windows\System32\winrnr.dll
0x00007ff8575b0000 - 0x00007ff8575c5000 	C:\Windows\System32\wshbth.dll
0x00007ff856e40000 - 0x00007ff856eb2000 	C:\Windows\System32\fwpuclnt.dll
0x00007ff85ce40000 - 0x00007ff85ce65000 	C:\Windows\SYSTEM32\bcrypt.dll
0x00007ff8569e0000 - 0x00007ff8569ea000 	C:\Windows\System32\rasadhlp.dll
0x0000000071820000 - 0x000000007183a000 	C:\Program Files\Java\jre1.8.0_181\bin\net.dll
0x00007ff85cd20000 - 0x00007ff85cd37000 	C:\Windows\SYSTEM32\CRYPTSP.dll
0x00007ff85c710000 - 0x00007ff85c743000 	C:\Windows\system32\rsaenh.dll
0x00007ff85d210000 - 0x00007ff85d238000 	C:\Windows\SYSTEM32\USERENV.dll
0x00007ff85cd10000 - 0x00007ff85cd1b000 	C:\Windows\SYSTEM32\CRYPTBASE.dll
0x00007ff857450000 - 0x00007ff857466000 	C:\Windows\SYSTEM32\dhcpcsvc6.DLL
0x00007ff8572d0000 - 0x00007ff8572ea000 	C:\Windows\SYSTEM32\dhcpcsvc.DLL
0x0000000071800000 - 0x0000000071811000 	C:\Program Files\Java\jre1.8.0_181\bin\nio.dll
0x00000000714b0000 - 0x0000000071649000 	C:\Program Files\Java\jre1.8.0_181\bin\awt.dll
0x00007ff85fbc0000 - 0x00007ff85fc82000 	C:\Windows\System32\OLEAUT32.dll
0x00007ff85b020000 - 0x00007ff85b0ab000 	C:\Windows\SYSTEM32\apphelp.dll
0x00007ff85b1e0000 - 0x00007ff85b278000 	C:\Windows\system32\uxtheme.dll
0x00007ff860050000 - 0x00007ff8601c3000 	C:\Windows\System32\MSCTF.dll
0x00007ff85b430000 - 0x00007ff85b459000 	C:\Windows\system32\dwmapi.dll
0x00007ff860d80000 - 0x00007ff860ed1000 	C:\Windows\System32\ole32.dll
0x0000000071470000 - 0x00000000714a1000 	C:\Program Files\Java\jre1.8.0_181\bin\jpeg.dll
0x00007ff83d790000 - 0x00007ff83d8b0000 	C:\Windows\system32\opengl32.dll
0x00007ff83d700000 - 0x00007ff83d72c000 	C:\Windows\SYSTEM32\GLU32.dll
0x0000000071440000 - 0x000000007146a000 	C:\Program Files\Java\jre1.8.0_181\bin\dcpr.dll
0x00000000713f0000 - 0x0000000071437000 	C:\Program Files\Java\jre1.8.0_181\bin\fontmanager.dll
0x0000000071250000 - 0x0000000071292000 	C:\Program Files\Java\jre1.8.0_181\bin\t2k.dll
0x0000000071210000 - 0x000000007124e000 	C:\Program Files\Java\jre1.8.0_181\bin\lcms.dll
0x00007ff85e620000 - 0x00007ff85e6c0000 	C:\Windows\System32\clbcatq.dll
0x00007ff8525c0000 - 0x00007ff85276e000 	C:\Windows\SYSTEM32\WindowsCodecs.dll
0x00007ff839aa0000 - 0x00007ff839af8000 	C:\Windows\system32\dataexchange.dll
0x00007ff85a040000 - 0x00007ff85a34b000 	C:\Windows\system32\d3d11.dll
0x00007ff85a920000 - 0x00007ff85aabc000 	C:\Windows\system32\dcomp.dll
0x00007ff85c070000 - 0x00007ff85c12b000 	C:\Windows\system32\dxgi.dll
0x00007ff85b570000 - 0x00007ff85b728000 	C:\Windows\system32\twinapi.appcore.dll
0x00007ff85b510000 - 0x00007ff85b531000 	C:\Windows\system32\RMCLIENT.dll
0x00007ff852500000 - 0x00007ff852596000 	C:\Windows\System32\TextInputFramework.dll
0x00007ff85ae20000 - 0x00007ff85aefa000 	C:\Windows\System32\CoreMessaging.dll
0x00007ff852120000 - 0x00007ff85243e000 	C:\Windows\System32\CoreUIComponents.dll
0x00007ff85c3a0000 - 0x00007ff85c3d1000 	C:\Windows\SYSTEM32\ntmarta.dll
0x00007ff8592b0000 - 0x00007ff8593fd000 	C:\Windows\SYSTEM32\wintypes.dll
0x00007ff8529d0000 - 0x00007ff852a77000 	C:\Windows\WinSxS\amd64_microsoft.windows.common-controls_6595b64144ccf1df_5.82.17134.1006_none_557373d72661c24e\comctl32.dll
0x00007ff83ba00000 - 0x00007ff83bb27000 	C:\Windows\system32\NetworkExplorer.dll
0x00007ff8598d0000 - 0x00007ff859a85000 	C:\Windows\system32\PROPSYS.dll
0x00007ff84eaa0000 - 0x00007ff84f13b000 	C:\Windows\System32\OneCoreUAPCommonProxyStub.dll
0x00007ff848af0000 - 0x00007ff848b0a000 	C:\Windows\SYSTEM32\MPR.dll
0x00007ff82cf90000 - 0x00007ff82cf9b000 	C:\Windows\System32\drprov.dll
0x00007ff85c440000 - 0x00007ff85c496000 	C:\Windows\System32\WINSTA.dll
0x00007ff82c8a0000 - 0x00007ff82c8b6000 	C:\Windows\System32\ntlanman.dll
0x00007ff82c850000 - 0x00007ff82c86d000 	C:\Windows\System32\davclnt.dll
0x00007ff82c840000 - 0x00007ff82c84c000 	C:\Windows\System32\DAVHLPR.dll
0x00007ff856be0000 - 0x00007ff856bf7000 	C:\Windows\System32\wkscli.dll
0x00007ff844db0000 - 0x00007ff844dc2000 	C:\Windows\SYSTEM32\cscapi.dll
0x00007ff85c9b0000 - 0x00007ff85c9be000 	C:\Windows\System32\netutils.dll
0x00007ff836770000 - 0x00007ff8367ba000 	C:\Windows\System32\dlnashext.dll
0x00007ff846050000 - 0x00007ff84606e000 	C:\Windows\System32\DevDispItemProvider.dll
0x00007ff85d0f0000 - 0x00007ff85d117000 	C:\Windows\System32\DEVOBJ.dll
0x00007ff82eb30000 - 0x00007ff82ed11000 	C:\Windows\system32\wpdshext.dll
0x00007ff852a80000 - 0x00007ff852c1b000 	C:\Windows\WinSxS\amd64_microsoft.windows.gdiplus_6595b64144ccf1df_1.1.17134.1006_none_04e6abdcd726860d\gdiplus.dll
0x00007ff858870000 - 0x00007ff85890c000 	C:\Windows\System32\PortableDeviceApi.dll
0x00007ff860920000 - 0x00007ff860d6b000 	C:\Windows\System32\SETUPAPI.dll
0x00007ff85dcf0000 - 0x00007ff85dd47000 	C:\Windows\System32\WINTRUST.dll
0x00007ff85d2e0000 - 0x00007ff85d2f2000 	C:\Windows\System32\MSASN1.dll
0x00007ff85d7e0000 - 0x00007ff85d9c2000 	C:\Windows\System32\CRYPT32.dll
0x00007ff856040000 - 0x00007ff856070000 	C:\Windows\System32\PortableDeviceTypes.dll
0x00007ff857fb0000 - 0x00007ff857fe7000 	C:\Windows\System32\EhStorShell.dll
0x00007ff857d60000 - 0x00007ff857d85000 	C:\Windows\System32\EhStorAPI.dll
0x00007ff859150000 - 0x00007ff859163000 	C:\Windows\System32\WTSAPI32.dll
0x00007ff83c4b0000 - 0x00007ff83c4bd000 	C:\Windows\SYSTEM32\LINKINFO.dll
0x0000000180000000 - 0x000000018009e000 	C:\Users\fanisani\.ProM\packages\lpsolve-5.5.4\lib\win64\lpsolve55.dll
0x00000000014a0000 - 0x00000000014c5000 	C:\Users\fanisani\.ProM\packages\lpsolve-5.5.4\lib\win64\lpsolve55j.dll
0x00007ff851f60000 - 0x00007ff851fc4000 	C:\Windows\system32\Ninput.dll
0x00007ff856520000 - 0x00007ff8566e9000 	C:\Windows\SYSTEM32\dbghelp.dll

VM Arguments:
jvm_args: -agentlib:jdwp=transport=dt_socket,suspend=y,address=localhost:63738 -ea -Xmx16G -Djava.library.path=.//lib;.//stdlib -javaagent:C:\Users\fanisani\eclipse\java-photon\eclipse\configuration\org.eclipse.osgi\237\0\.cp\lib\javaagent-shaded.jar -Dfile.encoding=Cp1252 
java_command: org.processmining.contexts.uitopia.UI
java_class_path (initial): C:\Program Files\Java\jre1.8.0_181\lib\resources.jar;C:\Program Files\Java\jre1.8.0_181\lib\rt.jar;C:\Program Files\Java\jre1.8.0_181\lib\jsse.jar;C:\Program Files\Java\jre1.8.0_181\lib\jce.jar;C:\Program Files\Java\jre1.8.0_181\lib\charsets.jar;C:\Program Files\Java\jre1.8.0_181\lib\jfr.jar;C:\Program Files\Java\jre1.8.0_181\lib\ext\access-bridge-64.jar;C:\Program Files\Java\jre1.8.0_181\lib\ext\cldrdata.jar;C:\Program Files\Java\jre1.8.0_181\lib\ext\dnsns.jar;C:\Program Files\Java\jre1.8.0_181\lib\ext\jaccess.jar;C:\Program Files\Java\jre1.8.0_181\lib\ext\jfxrt.jar;C:\Program Files\Java\jre1.8.0_181\lib\ext\localedata.jar;C:\Program Files\Java\jre1.8.0_181\lib\ext\nashorn.jar;C:\Program Files\Java\jre1.8.0_181\lib\ext\sunec.jar;C:\Program Files\Java\jre1.8.0_181\lib\ext\sunjce_provider.jar;C:\Program Files\Java\jre1.8.0_181\lib\ext\sunmscapi.jar;C:\Program Files\Java\jre1.8.0_181\lib\ext\sunpkcs11.jar;C:\Program Files\Java\jre1.8.0_181\lib\ext\zipfs.jar;C:\Users\fanisani\eclipse-workspace\LogFiltering\tests\bin-test;C:\Users\fanisani\eclipse-workspace\LogFiltering\bin;C:\Users\fanisani\.ivy2\cache\com.toedter\jcalendar\jars\jcalendar-1.4.jar;C:\Users\fanisani\.ivy2\cache\org.eclipse.collections\eclipse-collections\jars\eclipse-collections-9.2.0.jar;C:\Users\fanisani\.ivy2\cache\org.eclipse.collections\eclipse-collections-api\jars\eclipse-collections-api-9.2.0.jar;C:\Users\fanisani\.ivy2\cache\prom\PetriNetSimulator\jars\PetriNetSimulator-latest.jar;C:\Users\fanisani\.ivy2\cache\prom\ProM-Plugins\jars\ProM-Plugins-latest.jar;C:\Users\fanisani\.ivy2\cache\prom\ProM-Contexts\jars\ProM-Contexts-latest.jar;C:\Users\fanisani\.ivy2\cache\prom-libs\guava\jars\guava-16.0.1.jar;C:\Users\fanisani\.ivy2\cache\junit\junit\jars\junit-4.12.jar;C:\Users\fanisani\.ivy2\cache\prom-libs\bsh\jars\bsh-2.0b4.jar;C:\Users\fanisani\.ivy2\cache\prom-libs\Spex\jars\Spex-1.1.jar;C:\Users\fanisani\.ivy2\cache\prom-libs\Uitopia\jars\Uitopia-0.6-20181030.jar;C:\Use
Launcher Type: SUN_STANDARD

Environment Variables:
PATH=C:/Program Files/Java/jre1.8.0_181/bin/server;C:/Program Files/Java/jre1.8.0_181/bin;C:/Program Files/Java/jre1.8.0_181/lib/amd64;C:\Program Files (x86)\Common Files\Oracle\Java\javapath;C:\Windows\system32;C:\Windows;C:\Windows\System32\Wbem;C:\Windows\System32\WindowsPowerShell\v1.0\;C:\Windows\System32\OpenSSH\;C:\Program Files\nodejs\;C:\Users\fanisani\Miniconda3\Library\bin;C:\Users\fanisani\Miniconda3\Scripts;C:\Users\fanisani\Miniconda3;C:\Users\fanisani\Miniconda3\Lib\site-packages\graphviz;C:\Program Files (x86)\Graphviz2.38\bin;C:\Program Files\TortoiseSVN\bin;C:\Users\fanisani\AppData\Local\Microsoft\WindowsApps;C:\Users\fanisani\AppData\Local\Programs\MiKTeX 2.9\miktex\bin\x64\;C:\Users\fanisani\AppData\Roaming\npm;C:\Program Files\Java\jdk1.8.0_181\bin;;C:\Users\fanisani\AppData\Local\Programs\Microsoft VS Code\bin;C:\Windows\system32;
USERNAME=fanisani
OS=Windows_NT
PROCESSOR_IDENTIFIER=Intel64 Family 6 Model 158 Stepping 9, GenuineIntel



---------------  S Y S T E M  ---------------

OS: Windows 10.0 , 64 bit Build 17134 (10.0.17134.753)

CPU:total 8 (initial active 8) (4 cores per cpu, 2 threads per core) family 6 model 158 stepping 9, cmov, cx8, fxsr, mmx, sse, sse2, sse3, ssse3, sse4.1, sse4.2, popcnt, avx, avx2, aes, clmul, erms, 3dnowpref, lzcnt, ht, tsc, tscinvbit, bmi1, bmi2, adx

Memory: 4k page, physical 16609728k(3378332k free), swap 34435520k(11354400k free)

vm_info: Java HotSpot(TM) 64-Bit Server VM (25.181-b13) for windows-amd64 JRE (1.8.0_181-b13), built on Jul  7 2018 04:01:33 by "java_re" with MS VC++ 10.0 (VS2010)

time: Mon Sep 23 19:09:26 2019
elapsed time: 359714 seconds (4d 3h 55m 14s)

