#
# A fatal error has been detected by the Java Runtime Environment:
#
#  Internal Error (javaCalls.cpp:51), pid=63880, tid=0x0000000000007c24
#  guarantee(thread->is_Java_thread()) failed: crucial check - the VM thread cannot and must not escape to Java code
#
# JRE version: Java(TM) SE Runtime Environment (8.0_181-b13) (build 1.8.0_181-b13)
# Java VM: Java HotSpot(TM) 64-Bit Server VM (25.181-b13 mixed mode windows-amd64 compressed oops)
# Failed to write core dump. Minidumps are not enabled by default on client versions of Windows
#
# If you would like to submit a bug report, please visit:
#   http://bugreport.java.com/bugreport/crash.jsp
#

---------------  T H R E A D  ---------------

Current thread (0x000000003917a800):  VMThread [stack: 0x000000003ae90000,0x000000003af90000] [id=31780]

Stack: [0x000000003ae90000,0x000000003af90000]
[error occurred during error reporting (printing stack bounds), id 0xc0000005]

Native frames: (J=compiled Java code, j=interpreted, Vv=VM code, C=native code)

VM_Operation (0x000000003bcbf670): GetOrSetLocal, mode: safepoint, requested by thread 0x000000003b0d8000


---------------  P R O C E S S  ---------------

Java Threads: ( => current thread )
  0x0000000047561800 JavaThread "pool-1-thread-7" [_thread_blocked, id=62296, stack(0x0000000059410000,0x0000000059510000)]
  0x000000004756a000 JavaThread "SwingWorker-pool-3-thread-8" daemon [_thread_blocked, id=37196, stack(0x0000000059110000,0x0000000059210000)]
  0x0000000047570000 JavaThread "SwingWorker-pool-3-thread-7" daemon [_thread_blocked, id=40464, stack(0x0000000058310000,0x0000000058410000)]
  0x0000000047564000 JavaThread "SwingWorker-pool-3-thread-6" daemon [_thread_blocked, id=37456, stack(0x0000000057c10000,0x0000000057d10000)]
  0x000000004756b800 JavaThread "SwingWorker-pool-3-thread-5" daemon [_thread_blocked, id=13936, stack(0x0000000057710000,0x0000000057810000)]
  0x0000000047562800 JavaThread "SwingWorker-pool-3-thread-4" daemon [_thread_blocked, id=15588, stack(0x0000000057110000,0x0000000057210000)]
  0x0000000047568000 JavaThread "SwingWorker-pool-3-thread-3" daemon [_thread_blocked, id=41560, stack(0x0000000056a10000,0x0000000056b10000)]
  0x0000000047567000 JavaThread "SwingWorker-pool-3-thread-2" daemon [_thread_blocked, id=26120, stack(0x0000000056310000,0x0000000056410000)]
  0x0000000047564800 JavaThread "SwingWorker-pool-3-thread-1" daemon [_thread_blocked, id=29288, stack(0x0000000055f10000,0x0000000056010000)]
  0x000000003f949800 JavaThread "Swing-Shell" daemon [_thread_blocked, id=62328, stack(0x0000000055410000,0x0000000055510000)]
  0x000000003f948000 JavaThread "DestroyJavaVM" [_thread_blocked, id=29240, stack(0x0000000003130000,0x0000000003230000)]
  0x000000003f943000 JavaThread "TimerQueue" daemon [_thread_blocked, id=39884, stack(0x0000000054f10000,0x0000000055010000)]
  0x000000003f946000 JavaThread "AWT-EventQueue-0" [_thread_blocked, id=6964, stack(0x0000000054e10000,0x0000000054f10000)]
  0x000000003f945000 JavaThread "AWT-Windows" daemon [_thread_in_native, id=36476, stack(0x0000000054d10000,0x0000000054e10000)]
  0x000000003f943800 JavaThread "AWT-Shutdown" [_thread_blocked, id=25792, stack(0x0000000054c10000,0x0000000054d10000)]
  0x000000003f944800 JavaThread "Java2D Disposer" daemon [_thread_blocked, id=40148, stack(0x0000000054b10000,0x0000000054c10000)]
  0x000000003c9b7000 JavaThread "Service Thread" daemon [_thread_blocked, id=36012, stack(0x000000003da90000,0x000000003db90000)]
  0x000000003c966000 JavaThread "C1 CompilerThread3" daemon [_thread_blocked, id=19160, stack(0x000000003d990000,0x000000003da90000)]
  0x000000003c963000 JavaThread "C2 CompilerThread2" daemon [_thread_blocked, id=22080, stack(0x000000003d890000,0x000000003d990000)]
  0x000000003ca16800 JavaThread "C2 CompilerThread1" daemon [_thread_blocked, id=35424, stack(0x000000003d790000,0x000000003d890000)]
  0x000000003ca0d000 JavaThread "C2 CompilerThread0" daemon [_thread_blocked, id=36064, stack(0x000000003d690000,0x000000003d790000)]
  0x000000003b0e7800 JavaThread "JDWP Command Reader" daemon [_thread_in_native, id=13288, stack(0x000000003bdc0000,0x000000003bec0000)]
  0x000000003b0e4000 JavaThread "JDWP Event Helper Thread" daemon [_thread_blocked, id=46280, stack(0x000000003bcc0000,0x000000003bdc0000)]
  0x000000003b0d8000 JavaThread "JDWP Transport Listener: dt_socket" daemon [_thread_blocked, id=23764, stack(0x000000003bbc0000,0x000000003bcc0000)]
  0x000000003b0c8000 JavaThread "Attach Listener" daemon [_thread_blocked, id=42572, stack(0x000000003b780000,0x000000003b880000)]
  0x000000003b0c7000 JavaThread "Signal Dispatcher" daemon [_thread_blocked, id=26896, stack(0x000000003b680000,0x000000003b780000)]
  0x000000003b0b0800 JavaThread "Finalizer" daemon [_thread_blocked, id=56168, stack(0x000000003b490000,0x000000003b590000)]
  0x0000000039182800 JavaThread "Reference Handler" daemon [_thread_blocked, id=25096, stack(0x000000003af90000,0x000000003b090000)]

Other Threads:
=>0x000000003917a800 VMThread [stack: 0x000000003ae90000,0x000000003af90000] [id=31780]
  0x000000003c909800 WatcherThread [stack: 0x000000003db90000,0x000000003dc90000] [id=51628]

VM state:at safepoint (normal execution)

VM Mutex/Monitor currently owned by a thread:  ([mutex/lock_event])
[0x0000000003327d90] Threads_lock - owner thread: 0x000000003917a800

Heap:
 PSYoungGen      total 1239552K, used 568859K [0x000000066ab00000, 0x00000006c7e80000, 0x00000007c0000000)
  eden space 1079808K, 37% used [0x000000066ab00000,0x0000000683a8c400,0x00000006ac980000)
  from space 159744K, 99% used [0x00000006b9780000,0x00000006c337aae8,0x00000006c3380000)
  to   space 210944K, 0% used [0x00000006ac980000,0x00000006ac980000,0x00000006b9780000)
 ParOldGen       total 536064K, used 358940K [0x00000003c0000000, 0x00000003e0b80000, 0x000000066ab00000)
  object space 536064K, 66% used [0x00000003c0000000,0x00000003d5e87020,0x00000003e0b80000)
 Metaspace       used 49264K, capacity 49606K, committed 50176K, reserved 1091584K
  class space    used 7288K, capacity 7394K, committed 7424K, reserved 1048576K

Card table byte_map: [0x00000000128e0000,0x00000000148f0000] byte_map_base: 0x0000000010ae0000

Marking Bits: (ParMarkBitMap*) 0x00000000720c2d00
 Begin Bits: [0x0000000016650000, 0x0000000026650000)
 End Bits:   [0x0000000026650000, 0x0000000036650000)

Polling page: 0x00000000014d0000

CodeCache: size=245760Kb used=29208Kb max_used=30059Kb free=216551Kb
 bounds [0x0000000003520000, 0x00000000052c0000, 0x0000000012520000]
 total_blobs=7911 nmethods=7186 adapters=642
 compilation: enabled

Compilation events (10 events):
Event: 9820.371 Thread 0x000000003c966000 9772       3       org.processmining.logfiltering.algorithms.ProtoTypeSelectionAlgo2::levenshteinDistance (211 bytes)
Event: 9820.371 Thread 0x000000003c966000 nmethod 9772 0x000000000429eb10 code [0x000000000429ed40, 0x000000000429f858]
Event: 9820.372 Thread 0x000000003c963000 9773       4       org.processmining.logfiltering.algorithms.ProtoTypeSelectionAlgo2::levenshteinDistance (211 bytes)
Event: 9820.382 Thread 0x000000003c963000 nmethod 9773 0x000000000477f490 code [0x000000000477f600, 0x000000000477ff18]
Event: 9820.422 Thread 0x000000003c966000 9774 %     3       org.processmining.logfiltering.algorithms.ProtoTypeSelectionAlgo2::UpdateKMedoids @ 49 (182 bytes)
Event: 9820.424 Thread 0x000000003c966000 nmethod 9774% 0x0000000004283390 code [0x0000000004283680, 0x00000000042851c8]
Event: 9820.424 Thread 0x000000003c966000 9775       3       org.processmining.logfiltering.algorithms.ProtoTypeSelectionAlgo2::UpdateKMedoids (182 bytes)
Event: 9820.425 Thread 0x000000003c966000 nmethod 9775 0x00000000052ad810 code [0x00000000052adb00, 0x00000000052af2e8]
Event: 9820.425 Thread 0x000000003ca0d000 9776 %     4       org.processmining.logfiltering.algorithms.ProtoTypeSelectionAlgo2::UpdateKMedoids @ 49 (182 bytes)
Event: 9820.454 Thread 0x000000003ca0d000 nmethod 9776% 0x00000000042cdc10 code [0x00000000042cdea0, 0x00000000042cfc90]

GC Heap History (10 events):
Event: 387.582 GC heap before
{Heap before GC invocations=20 (full 3):
 PSYoungGen      total 884224K, used 884209K [0x000000066ab00000, 0x00000006acd00000, 0x00000007c0000000)
  eden space 840192K, 100% used [0x000000066ab00000,0x000000069df80000,0x000000069df80000)
  from space 44032K, 99% used [0x00000006aa200000,0x00000006accfc550,0x00000006acd00000)
  to   space 51712K, 0% used [0x00000006a6800000,0x00000006a6800000,0x00000006a9a80000)
 ParOldGen       total 181248K, used 68405K [0x00000003c0000000, 0x00000003cb100000, 0x000000066ab00000)
  object space 181248K, 37% used [0x00000003c0000000,0x00000003c42cd730,0x00000003cb100000)
 Metaspace       used 49126K, capacity 49472K, committed 49920K, reserved 1091584K
  class space    used 7284K, capacity 7393K, committed 7424K, reserved 1048576K
Event: 387.609 GC heap after
Heap after GC invocations=20 (full 3):
 PSYoungGen      total 856576K, used 51699K [0x000000066ab00000, 0x00000006aa280000, 0x00000007c0000000)
  eden space 804864K, 0% used [0x000000066ab00000,0x000000066ab00000,0x000000069bd00000)
  from space 51712K, 99% used [0x00000006a6800000,0x00000006a9a7cfc0,0x00000006a9a80000)
  to   space 8192K, 0% used [0x00000006a9a80000,0x00000006a9a80000,0x00000006aa280000)
 ParOldGen       total 181248K, used 82581K [0x00000003c0000000, 0x00000003cb100000, 0x000000066ab00000)
  object space 181248K, 45% used [0x00000003c0000000,0x00000003c50a5650,0x00000003cb100000)
 Metaspace       used 49126K, capacity 49472K, committed 49920K, reserved 1091584K
  class space    used 7284K, capacity 7393K, committed 7424K, reserved 1048576K
}
Event: 389.307 GC heap before
{Heap before GC invocations=21 (full 3):
 PSYoungGen      total 856576K, used 856563K [0x000000066ab00000, 0x00000006aa280000, 0x00000007c0000000)
  eden space 804864K, 100% used [0x000000066ab00000,0x000000069bd00000,0x000000069bd00000)
  from space 51712K, 99% used [0x00000006a6800000,0x00000006a9a7cfc0,0x00000006a9a80000)
  to   space 8192K, 0% used [0x00000006a9a80000,0x00000006a9a80000,0x00000006aa280000)
 ParOldGen       total 181248K, used 82581K [0x00000003c0000000, 0x00000003cb100000, 0x000000066ab00000)
  object space 181248K, 45% used [0x00000003c0000000,0x00000003c50a5650,0x00000003cb100000)
 Metaspace       used 49131K, capacity 49472K, committed 49920K, reserved 1091584K
  class space    used 7284K, capacity 7393K, committed 7424K, reserved 1048576K
Event: 389.402 GC heap after
Heap after GC invocations=21 (full 3):
 PSYoungGen      total 919040K, used 8182K [0x000000066ab00000, 0x00000006b3600000, 0x00000007c0000000)
  eden space 910848K, 0% used [0x000000066ab00000,0x000000066ab00000,0x00000006a2480000)
  from space 8192K, 99% used [0x00000006a9a80000,0x00000006aa27d9e0,0x00000006aa280000)
  to   space 120832K, 0% used [0x00000006a2480000,0x00000006a2480000,0x00000006a9a80000)
 ParOldGen       total 261632K, used 260722K [0x00000003c0000000, 0x00000003cff80000, 0x000000066ab00000)
  object space 261632K, 99% used [0x00000003c0000000,0x00000003cfe9c840,0x00000003cff80000)
 Metaspace       used 49131K, capacity 49472K, committed 49920K, reserved 1091584K
  class space    used 7284K, capacity 7393K, committed 7424K, reserved 1048576K
}
Event: 389.402 GC heap before
{Heap before GC invocations=22 (full 4):
 PSYoungGen      total 919040K, used 8182K [0x000000066ab00000, 0x00000006b3600000, 0x00000007c0000000)
  eden space 910848K, 0% used [0x000000066ab00000,0x000000066ab00000,0x00000006a2480000)
  from space 8192K, 99% used [0x00000006a9a80000,0x00000006aa27d9e0,0x00000006aa280000)
  to   space 120832K, 0% used [0x00000006a2480000,0x00000006a2480000,0x00000006a9a80000)
 ParOldGen       total 261632K, used 260722K [0x00000003c0000000, 0x00000003cff80000, 0x000000066ab00000)
  object space 261632K, 99% used [0x00000003c0000000,0x00000003cfe9c840,0x00000003cff80000)
 Metaspace       used 49131K, capacity 49472K, committed 49920K, reserved 1091584K
  class space    used 7284K, capacity 7393K, committed 7424K, reserved 1048576K
Event: 389.947 GC heap after
Heap after GC invocations=22 (full 4):
 PSYoungGen      total 919040K, used 0K [0x000000066ab00000, 0x00000006b3600000, 0x00000007c0000000)
  eden space 910848K, 0% used [0x000000066ab00000,0x000000066ab00000,0x00000006a2480000)
  from space 8192K, 0% used [0x00000006a9a80000,0x00000006a9a80000,0x00000006aa280000)
  to   space 120832K, 0% used [0x00000006a2480000,0x00000006a2480000,0x00000006a9a80000)
 ParOldGen       total 536064K, used 249710K [0x00000003c0000000, 0x00000003e0b80000, 0x000000066ab00000)
  object space 536064K, 46% used [0x00000003c0000000,0x00000003cf3db8e8,0x00000003e0b80000)
 Metaspace       used 49131K, capacity 49472K, committed 49920K, reserved 1091584K
  class space    used 7284K, capacity 7393K, committed 7424K, reserved 1048576K
}
Event: 391.803 GC heap before
{Heap before GC invocations=23 (full 4):
 PSYoungGen      total 919040K, used 910848K [0x000000066ab00000, 0x00000006b3600000, 0x00000007c0000000)
  eden space 910848K, 100% used [0x000000066ab00000,0x00000006a2480000,0x00000006a2480000)
  from space 8192K, 0% used [0x00000006a9a80000,0x00000006a9a80000,0x00000006aa280000)
  to   space 120832K, 0% used [0x00000006a2480000,0x00000006a2480000,0x00000006a9a80000)
 ParOldGen       total 536064K, used 249710K [0x00000003c0000000, 0x00000003e0b80000, 0x000000066ab00000)
  object space 536064K, 46% used [0x00000003c0000000,0x00000003cf3db8e8,0x00000003e0b80000)
 Metaspace       used 49131K, capacity 49472K, committed 49920K, reserved 1091584K
  class space    used 7284K, capacity 7393K, committed 7424K, reserved 1048576K
Event: 391.892 GC heap after
Heap after GC invocations=23 (full 4):
 PSYoungGen      total 1031680K, used 120817K [0x000000066ab00000, 0x00000006c3380000, 0x00000007c0000000)
  eden space 910848K, 0% used [0x000000066ab00000,0x000000066ab00000,0x00000006a2480000)
  from space 120832K, 99% used [0x00000006a2480000,0x00000006a9a7c548,0x00000006a9a80000)
  to   space 159744K, 0% used [0x00000006b9780000,0x00000006b9780000,0x00000006c3380000)
 ParOldGen       total 536064K, used 297062K [0x00000003c0000000, 0x00000003e0b80000, 0x000000066ab00000)
  object space 536064K, 55% used [0x00000003c0000000,0x00000003d22198f8,0x00000003e0b80000)
 Metaspace       used 49131K, capacity 49472K, committed 49920K, reserved 1091584K
  class space    used 7284K, capacity 7393K, committed 7424K, reserved 1048576K
}
Event: 8874.163 GC heap before
{Heap before GC invocations=24 (full 4):
 PSYoungGen      total 1031680K, used 1030432K [0x000000066ab00000, 0x00000006c3380000, 0x00000007c0000000)
  eden space 910848K, 99% used [0x000000066ab00000,0x00000006a234bb90,0x00000006a2480000)
  from space 120832K, 99% used [0x00000006a2480000,0x00000006a9a7c548,0x00000006a9a80000)
  to   space 159744K, 0% used [0x00000006b9780000,0x00000006b9780000,0x00000006c3380000)
 ParOldGen       total 536064K, used 297062K [0x00000003c0000000, 0x00000003e0b80000, 0x000000066ab00000)
  object space 536064K, 55% used [0x00000003c0000000,0x00000003d22198f8,0x00000003e0b80000)
 Metaspace       used 49226K, capacity 49606K, committed 50176K, reserved 1091584K
  class space    used 7286K, capacity 7394K, committed 7424K, reserved 1048576K
Event: 8874.680 GC heap after
Heap after GC invocations=24 (full 4):
 PSYoungGen      total 1239552K, used 159722K [0x000000066ab00000, 0x00000006c7e80000, 0x00000007c0000000)
  eden space 1079808K, 0% used [0x000000066ab00000,0x000000066ab00000,0x00000006ac980000)
  from space 159744K, 99% used [0x00000006b9780000,0x00000006c337aae8,0x00000006c3380000)
  to   space 210944K, 0% used [0x00000006ac980000,0x00000006ac980000,0x00000006b9780000)
 ParOldGen       total 536064K, used 358940K [0x00000003c0000000, 0x00000003e0b80000, 0x000000066ab00000)
  object space 536064K, 66% used [0x00000003c0000000,0x00000003d5e87020,0x00000003e0b80000)
 Metaspace       used 49226K, capacity 49606K, committed 50176K, reserved 1091584K
  class space    used 7286K, capacity 7394K, committed 7424K, reserved 1048576K
}

Deoptimization events (10 events):
Event: 412.584 Thread 0x000000003f946000 Uncommon trap: reason=unhandled action=none pc=0x0000000003fc63e0 method=java.net.URLClassLoader.findClass(Ljava/lang/String;)Ljava/lang/Class; @ 44
Event: 412.585 Thread 0x000000003f946000 Uncommon trap: reason=unhandled action=none pc=0x0000000003fc63e0 method=java.net.URLClassLoader.findClass(Ljava/lang/String;)Ljava/lang/Class; @ 44
Event: 412.587 Thread 0x000000003f946000 Uncommon trap: reason=unhandled action=none pc=0x0000000003fc63e0 method=java.net.URLClassLoader.findClass(Ljava/lang/String;)Ljava/lang/Class; @ 44
Event: 412.592 Thread 0x000000003f946000 Uncommon trap: reason=null_check action=make_not_entrant pc=0x0000000004836f70 method=org.deckfour.xes.model.impl.XAttributeMapLazyImpl.get(Ljava/lang/Object;)Lorg/deckfour/xes/model/XAttribute; @ 17
Event: 8869.274 Thread 0x000000003f946000 Uncommon trap: reason=class_check action=maybe_recompile pc=0x0000000004ab142c method=javax.swing.JComponent.paintChildren(Ljava/awt/Graphics;)V @ 545
Event: 8869.293 Thread 0x000000003f946000 Uncommon trap: reason=class_check action=maybe_recompile pc=0x0000000004ab142c method=javax.swing.JComponent.paintChildren(Ljava/awt/Graphics;)V @ 545
Event: 8874.687 Thread 0x000000003f946000 Uncommon trap: reason=unstable_if action=reinterpret pc=0x00000000038298d4 method=java.awt.GradientPaintContext.putCachedRaster(Ljava/awt/image/ColorModel;Ljava/awt/image/Raster;)V @ 46
Event: 9222.972 Thread 0x0000000047561800 Uncommon trap: reason=unstable_if action=reinterpret pc=0x00000000037f0f24 method=java.util.ArrayList.rangeCheck(I)V @ 5
Event: 9761.550 Thread 0x0000000047561800 Uncommon trap: reason=unstable_if action=reinterpret pc=0x00000000037f5118 method=java.util.ArrayList.rangeCheck(I)V @ 5
Event: 9791.645 Thread 0x0000000047561800 Uncommon trap: reason=unhandled action=none pc=0x0000000003891568 method=java.util.ArrayList.rangeCheck(I)V @ 20

Classes redefined (10 events):
Event: 226.048 Thread 0x000000003917a800 redefined class name=org.processmining.logfiltering.algorithms.ProtoTypeSelectionAlgo2, count=1
Event: 336.616 Thread 0x000000003917a800 redefined class name=org.processmining.logfiltering.algorithms.ProtoTypeSelectionAlgo2$AlignObj, count=2
Event: 336.638 Thread 0x000000003917a800 redefined class name=org.processmining.logfiltering.algorithms.ProtoTypeSelectionAlgo2$Variant, count=2
Event: 336.662 Thread 0x000000003917a800 redefined class name=org.processmining.logfiltering.algorithms.ProtoTypeSelectionAlgo2, count=2
Event: 1365.120 Thread 0x000000003917a800 redefined class name=org.processmining.logfiltering.algorithms.ProtoTypeSelectionAlgo2$AlignObj, count=3
Event: 1365.144 Thread 0x000000003917a800 redefined class name=org.processmining.logfiltering.algorithms.ProtoTypeSelectionAlgo2$Variant, count=3
Event: 1365.169 Thread 0x000000003917a800 redefined class name=org.processmining.logfiltering.algorithms.ProtoTypeSelectionAlgo2, count=3
Event: 9817.868 Thread 0x000000003917a800 redefined class name=org.processmining.logfiltering.algorithms.ProtoTypeSelectionAlgo2$AlignObj, count=4
Event: 9817.894 Thread 0x000000003917a800 redefined class name=org.processmining.logfiltering.algorithms.ProtoTypeSelectionAlgo2$Variant, count=4
Event: 9817.919 Thread 0x000000003917a800 redefined class name=org.processmining.logfiltering.algorithms.ProtoTypeSelectionAlgo2, count=4

Internal exceptions (10 events):
Event: 56.336 Thread 0x000000003f946000 Implicit null exception at 0x0000000004215dd8 to 0x0000000004217108
Event: 56.473 Thread 0x000000003f946000 Implicit null exception at 0x00000000045dd495 to 0x00000000045dd75d
Event: 56.474 Thread 0x000000003f946000 Implicit null exception at 0x000000000486d88c to 0x000000000486da65
Event: 56.474 Thread 0x000000003f946000 Implicit null exception at 0x0000000004880120 to 0x0000000004880555
Event: 56.475 Thread 0x000000003f946000 Implicit null exception at 0x00000000038490d2 to 0x00000000038495dd
Event: 56.475 Thread 0x000000003f946000 Implicit null exception at 0x0000000003f6c5fb to 0x0000000003f6c779
Event: 78.823 Thread 0x000000003f946000 Implicit null exception at 0x000000000460c868 to 0x000000000460d555
Event: 382.864 Thread 0x000000003f946000 Implicit null exception at 0x00000000047c2e14 to 0x00000000047c31f1
Event: 387.613 Thread 0x000000003f946000 Implicit null exception at 0x0000000004b41842 to 0x0000000004b51fd1
Event: 412.592 Thread 0x000000003f946000 Implicit null exception at 0x0000000004836b6a to 0x0000000004836f61

Events (10 events):
Event: 9820.672 Executing VM operation: GetOrSetLocal done
Event: 9820.672 Executing VM operation: GetOrSetLocal
Event: 9820.672 Executing VM operation: GetOrSetLocal done
Event: 9820.672 Executing VM operation: GetOrSetLocal
Event: 9820.673 Executing VM operation: GetOrSetLocal done
Event: 9820.673 Executing VM operation: GetOrSetLocal
Event: 9820.673 Executing VM operation: GetOrSetLocal done
Event: 9820.673 Executing VM operation: GetOrSetLocal
Event: 9820.673 Executing VM operation: GetOrSetLocal done
Event: 9820.690 Executing VM operation: GetOrSetLocal


Dynamic libraries:
0x00007ff736ce0000 - 0x00007ff736d17000 	C:\Program Files\Java\jre1.8.0_181\bin\javaw.exe
0x00007ff860fe0000 - 0x00007ff8611c1000 	C:\Windows\SYSTEM32\ntdll.dll
0x00007ff8606f0000 - 0x00007ff8607a1000 	C:\Windows\System32\KERNEL32.DLL
0x00007ff85da70000 - 0x00007ff85dce3000 	C:\Windows\System32\KERNELBASE.dll
0x00007ff85fb10000 - 0x00007ff85fbb1000 	C:\Windows\System32\ADVAPI32.dll
0x00007ff8601d0000 - 0x00007ff86026e000 	C:\Windows\System32\msvcrt.dll
0x00007ff860ee0000 - 0x00007ff860f3b000 	C:\Windows\System32\sechost.dll
0x00007ff85e4c0000 - 0x00007ff85e5e4000 	C:\Windows\System32\RPCRT4.dll
0x00007ff860270000 - 0x00007ff860400000 	C:\Windows\System32\USER32.dll
0x00007ff85d9d0000 - 0x00007ff85d9f0000 	C:\Windows\System32\win32u.dll
0x00007ff8604f0000 - 0x00007ff860518000 	C:\Windows\System32\GDI32.dll
0x00007ff85d3a0000 - 0x00007ff85d531000 	C:\Windows\System32\gdi32full.dll
0x00007ff85d740000 - 0x00007ff85d7df000 	C:\Windows\System32\msvcp_win.dll
0x00007ff85d540000 - 0x00007ff85d638000 	C:\Windows\System32\ucrtbase.dll
0x00007ff84c5c0000 - 0x00007ff84c829000 	C:\Windows\WinSxS\amd64_microsoft.windows.common-controls_6595b64144ccf1df_6.0.17134.1006_none_d3fbb8f77c940c3f\COMCTL32.dll
0x00007ff85fd10000 - 0x00007ff860031000 	C:\Windows\System32\combase.dll
0x00007ff85d9f0000 - 0x00007ff85da69000 	C:\Windows\System32\bcryptPrimitives.dll
0x00007ff85e5f0000 - 0x00007ff85e61d000 	C:\Windows\System32\IMM32.DLL
0x00000000716e0000 - 0x00000000717b2000 	C:\Program Files\Java\jre1.8.0_181\bin\msvcr100.dll
0x00000000718a0000 - 0x0000000072142000 	C:\Program Files\Java\jre1.8.0_181\bin\server\jvm.dll
0x00007ff860540000 - 0x00007ff860548000 	C:\Windows\System32\PSAPI.DLL
0x00007ff858140000 - 0x00007ff858149000 	C:\Windows\SYSTEM32\WSOCK32.dll
0x00007ff853b60000 - 0x00007ff853b83000 	C:\Windows\SYSTEM32\WINMM.dll
0x00007ff858960000 - 0x00007ff85896a000 	C:\Windows\SYSTEM32\VERSION.dll
0x00007ff860f40000 - 0x00007ff860fac000 	C:\Windows\System32\WS2_32.dll
0x00007ff853950000 - 0x00007ff85397a000 	C:\Windows\SYSTEM32\winmmbase.dll
0x00007ff85d640000 - 0x00007ff85d689000 	C:\Windows\System32\cfgmgr32.dll
0x0000000071890000 - 0x000000007189f000 	C:\Program Files\Java\jre1.8.0_181\bin\verify.dll
0x0000000071860000 - 0x0000000071889000 	C:\Program Files\Java\jre1.8.0_181\bin\java.dll
0x00000000716a0000 - 0x00000000716d5000 	C:\Program Files\Java\jre1.8.0_181\bin\jdwp.dll
0x0000000071690000 - 0x0000000071698000 	C:\Program Files\Java\jre1.8.0_181\bin\npt.dll
0x0000000071660000 - 0x0000000071683000 	C:\Program Files\Java\jre1.8.0_181\bin\instrument.dll
0x0000000071840000 - 0x0000000071856000 	C:\Program Files\Java\jre1.8.0_181\bin\zip.dll
0x00007ff85e6c0000 - 0x00007ff85fb02000 	C:\Windows\System32\SHELL32.dll
0x00007ff860870000 - 0x00007ff860919000 	C:\Windows\System32\shcore.dll
0x00007ff85dd50000 - 0x00007ff85e45e000 	C:\Windows\System32\windows.storage.dll
0x00007ff860810000 - 0x00007ff860861000 	C:\Windows\System32\shlwapi.dll
0x00007ff85d380000 - 0x00007ff85d391000 	C:\Windows\System32\kernel.appcore.dll
0x00007ff85d360000 - 0x00007ff85d37f000 	C:\Windows\System32\profapi.dll
0x00007ff85d310000 - 0x00007ff85d35c000 	C:\Windows\System32\powrprof.dll
0x00007ff85d300000 - 0x00007ff85d30a000 	C:\Windows\System32\FLTLIB.DLL
0x0000000071650000 - 0x0000000071659000 	C:\Program Files\Java\jre1.8.0_181\bin\dt_socket.dll
0x00007ff842150000 - 0x00007ff842166000 	C:\Windows\system32\napinsp.dll
0x00007ff842710000 - 0x00007ff84272a000 	C:\Windows\system32\pnrpnsp.dll
0x00007ff857950000 - 0x00007ff857969000 	C:\Windows\system32\NLAapi.dll
0x00007ff85cb60000 - 0x00007ff85cbc6000 	C:\Windows\System32\mswsock.dll
0x00007ff85c8f0000 - 0x00007ff85c9ae000 	C:\Windows\SYSTEM32\DNSAPI.dll
0x00007ff860040000 - 0x00007ff860048000 	C:\Windows\System32\NSI.dll
0x00007ff85c8b0000 - 0x00007ff85c8e8000 	C:\Windows\SYSTEM32\IPHLPAPI.DLL
0x00007ff843200000 - 0x00007ff84320e000 	C:\Windows\System32\winrnr.dll
0x00007ff8575b0000 - 0x00007ff8575c5000 	C:\Windows\System32\wshbth.dll
0x00007ff856e40000 - 0x00007ff856eb2000 	C:\Windows\System32\fwpuclnt.dll
0x00007ff85ce40000 - 0x00007ff85ce65000 	C:\Windows\SYSTEM32\bcrypt.dll
0x00007ff8569e0000 - 0x00007ff8569ea000 	C:\Windows\System32\rasadhlp.dll
0x0000000071820000 - 0x000000007183a000 	C:\Program Files\Java\jre1.8.0_181\bin\net.dll
0x00007ff85cd20000 - 0x00007ff85cd37000 	C:\Windows\SYSTEM32\CRYPTSP.dll
0x00007ff85c710000 - 0x00007ff85c743000 	C:\Windows\system32\rsaenh.dll
0x00007ff85d210000 - 0x00007ff85d238000 	C:\Windows\SYSTEM32\USERENV.dll
0x00007ff85cd10000 - 0x00007ff85cd1b000 	C:\Windows\SYSTEM32\CRYPTBASE.dll
0x00007ff857450000 - 0x00007ff857466000 	C:\Windows\SYSTEM32\dhcpcsvc6.DLL
0x00007ff8572d0000 - 0x00007ff8572ea000 	C:\Windows\SYSTEM32\dhcpcsvc.DLL
0x0000000071800000 - 0x0000000071811000 	C:\Program Files\Java\jre1.8.0_181\bin\nio.dll
0x00000000714b0000 - 0x0000000071649000 	C:\Program Files\Java\jre1.8.0_181\bin\awt.dll
0x00007ff85fbc0000 - 0x00007ff85fc82000 	C:\Windows\System32\OLEAUT32.dll
0x00007ff85b020000 - 0x00007ff85b0ab000 	C:\Windows\SYSTEM32\apphelp.dll
0x00007ff85b1e0000 - 0x00007ff85b278000 	C:\Windows\system32\uxtheme.dll
0x00007ff860050000 - 0x00007ff8601c3000 	C:\Windows\System32\MSCTF.dll
0x00007ff85b430000 - 0x00007ff85b459000 	C:\Windows\system32\dwmapi.dll
0x00007ff860d80000 - 0x00007ff860ed1000 	C:\Windows\System32\ole32.dll
0x0000000071470000 - 0x00000000714a1000 	C:\Program Files\Java\jre1.8.0_181\bin\jpeg.dll
0x00007ff83d790000 - 0x00007ff83d8b0000 	C:\Windows\system32\opengl32.dll
0x00007ff83d700000 - 0x00007ff83d72c000 	C:\Windows\SYSTEM32\GLU32.dll
0x0000000071440000 - 0x000000007146a000 	C:\Program Files\Java\jre1.8.0_181\bin\dcpr.dll
0x00000000713f0000 - 0x0000000071437000 	C:\Program Files\Java\jre1.8.0_181\bin\fontmanager.dll
0x0000000071250000 - 0x0000000071292000 	C:\Program Files\Java\jre1.8.0_181\bin\t2k.dll
0x0000000071210000 - 0x000000007124e000 	C:\Program Files\Java\jre1.8.0_181\bin\lcms.dll
0x00007ff85e620000 - 0x00007ff85e6c0000 	C:\Windows\System32\clbcatq.dll
0x00007ff8525c0000 - 0x00007ff85276e000 	C:\Windows\SYSTEM32\WindowsCodecs.dll
0x00007ff839aa0000 - 0x00007ff839af8000 	C:\Windows\system32\dataexchange.dll
0x00007ff85a040000 - 0x00007ff85a34b000 	C:\Windows\system32\d3d11.dll
0x00007ff85a920000 - 0x00007ff85aabc000 	C:\Windows\system32\dcomp.dll
0x00007ff85c070000 - 0x00007ff85c12b000 	C:\Windows\system32\dxgi.dll
0x00007ff85b570000 - 0x00007ff85b728000 	C:\Windows\system32\twinapi.appcore.dll
0x00007ff85b510000 - 0x00007ff85b531000 	C:\Windows\system32\RMCLIENT.dll
0x00007ff852500000 - 0x00007ff852596000 	C:\Windows\System32\TextInputFramework.dll
0x00007ff852120000 - 0x00007ff85243e000 	C:\Windows\System32\CoreUIComponents.dll
0x00007ff85ae20000 - 0x00007ff85aefa000 	C:\Windows\System32\CoreMessaging.dll
0x00007ff85c3a0000 - 0x00007ff85c3d1000 	C:\Windows\SYSTEM32\ntmarta.dll
0x00007ff8592b0000 - 0x00007ff8593fd000 	C:\Windows\SYSTEM32\wintypes.dll
0x00007ff8529d0000 - 0x00007ff852a77000 	C:\Windows\WinSxS\amd64_microsoft.windows.common-controls_6595b64144ccf1df_5.82.17134.1006_none_557373d72661c24e\comctl32.dll
0x00007ff83ba00000 - 0x00007ff83bb27000 	C:\Windows\system32\NetworkExplorer.dll
0x00007ff8598d0000 - 0x00007ff859a85000 	C:\Windows\system32\PROPSYS.dll
0x00007ff84eaa0000 - 0x00007ff84f13b000 	C:\Windows\System32\OneCoreUAPCommonProxyStub.dll
0x00007ff848af0000 - 0x00007ff848b0a000 	C:\Windows\SYSTEM32\MPR.dll
0x00007ff82cf90000 - 0x00007ff82cf9b000 	C:\Windows\System32\drprov.dll
0x00007ff85c440000 - 0x00007ff85c496000 	C:\Windows\System32\WINSTA.dll
0x00007ff82c8a0000 - 0x00007ff82c8b6000 	C:\Windows\System32\ntlanman.dll
0x00007ff82c850000 - 0x00007ff82c86d000 	C:\Windows\System32\davclnt.dll
0x00007ff82c840000 - 0x00007ff82c84c000 	C:\Windows\System32\DAVHLPR.dll
0x00007ff856be0000 - 0x00007ff856bf7000 	C:\Windows\System32\wkscli.dll
0x00007ff844db0000 - 0x00007ff844dc2000 	C:\Windows\SYSTEM32\cscapi.dll
0x00007ff85c9b0000 - 0x00007ff85c9be000 	C:\Windows\System32\netutils.dll
0x00007ff836770000 - 0x00007ff8367ba000 	C:\Windows\System32\dlnashext.dll
0x00007ff846050000 - 0x00007ff84606e000 	C:\Windows\System32\DevDispItemProvider.dll
0x00007ff85d0f0000 - 0x00007ff85d117000 	C:\Windows\System32\DEVOBJ.dll
0x00007ff82eb30000 - 0x00007ff82ed11000 	C:\Windows\system32\wpdshext.dll
0x00007ff852a80000 - 0x00007ff852c1b000 	C:\Windows\WinSxS\amd64_microsoft.windows.gdiplus_6595b64144ccf1df_1.1.17134.1006_none_04e6abdcd726860d\gdiplus.dll
0x00007ff858870000 - 0x00007ff85890c000 	C:\Windows\System32\PortableDeviceApi.dll
0x00007ff860920000 - 0x00007ff860d6b000 	C:\Windows\System32\SETUPAPI.dll
0x00007ff85dcf0000 - 0x00007ff85dd47000 	C:\Windows\System32\WINTRUST.dll
0x00007ff85d2e0000 - 0x00007ff85d2f2000 	C:\Windows\System32\MSASN1.dll
0x00007ff85d7e0000 - 0x00007ff85d9c2000 	C:\Windows\System32\CRYPT32.dll
0x00007ff856040000 - 0x00007ff856070000 	C:\Windows\System32\PortableDeviceTypes.dll
0x00007ff857fb0000 - 0x00007ff857fe7000 	C:\Windows\System32\EhStorShell.dll
0x00007ff857d60000 - 0x00007ff857d85000 	C:\Windows\System32\EhStorAPI.dll
0x00007ff859150000 - 0x00007ff859163000 	C:\Windows\System32\WTSAPI32.dll
0x00007ff83c4b0000 - 0x00007ff83c4bd000 	C:\Windows\SYSTEM32\LINKINFO.dll
0x0000000180000000 - 0x000000018009e000 	C:\Users\fanisani\.ProM\packages\lpsolve-5.5.4\lib\win64\lpsolve55.dll
0x0000000001420000 - 0x0000000001445000 	C:\Users\fanisani\.ProM\packages\lpsolve-5.5.4\lib\win64\lpsolve55j.dll

VM Arguments:
jvm_args: -agentlib:jdwp=transport=dt_socket,suspend=y,address=localhost:57101 -ea -Xmx16G -Djava.library.path=.//lib;.//stdlib -javaagent:C:\Users\fanisani\eclipse\java-photon\eclipse\configuration\org.eclipse.osgi\237\0\.cp\lib\javaagent-shaded.jar -Dfile.encoding=Cp1252 
java_command: org.processmining.contexts.uitopia.UI
java_class_path (initial): C:\Program Files\Java\jre1.8.0_181\lib\resources.jar;C:\Program Files\Java\jre1.8.0_181\lib\rt.jar;C:\Program Files\Java\jre1.8.0_181\lib\jsse.jar;C:\Program Files\Java\jre1.8.0_181\lib\jce.jar;C:\Program Files\Java\jre1.8.0_181\lib\charsets.jar;C:\Program Files\Java\jre1.8.0_181\lib\jfr.jar;C:\Program Files\Java\jre1.8.0_181\lib\ext\access-bridge-64.jar;C:\Program Files\Java\jre1.8.0_181\lib\ext\cldrdata.jar;C:\Program Files\Java\jre1.8.0_181\lib\ext\dnsns.jar;C:\Program Files\Java\jre1.8.0_181\lib\ext\jaccess.jar;C:\Program Files\Java\jre1.8.0_181\lib\ext\jfxrt.jar;C:\Program Files\Java\jre1.8.0_181\lib\ext\localedata.jar;C:\Program Files\Java\jre1.8.0_181\lib\ext\nashorn.jar;C:\Program Files\Java\jre1.8.0_181\lib\ext\sunec.jar;C:\Program Files\Java\jre1.8.0_181\lib\ext\sunjce_provider.jar;C:\Program Files\Java\jre1.8.0_181\lib\ext\sunmscapi.jar;C:\Program Files\Java\jre1.8.0_181\lib\ext\sunpkcs11.jar;C:\Program Files\Java\jre1.8.0_181\lib\ext\zipfs.jar;C:\Users\fanisani\eclipse-workspace\LogFiltering\tests\bin-test;C:\Users\fanisani\eclipse-workspace\LogFiltering\bin;C:\Users\fanisani\.ivy2\cache\com.toedter\jcalendar\jars\jcalendar-1.4.jar;C:\Users\fanisani\.ivy2\cache\org.eclipse.collections\eclipse-collections\jars\eclipse-collections-9.2.0.jar;C:\Users\fanisani\.ivy2\cache\org.eclipse.collections\eclipse-collections-api\jars\eclipse-collections-api-9.2.0.jar;C:\Users\fanisani\.ivy2\cache\prom\PetriNetSimulator\jars\PetriNetSimulator-latest.jar;C:\Users\fanisani\.ivy2\cache\prom\ProM-Plugins\jars\ProM-Plugins-latest.jar;C:\Users\fanisani\.ivy2\cache\prom\ProM-Contexts\jars\ProM-Contexts-latest.jar;C:\Users\fanisani\.ivy2\cache\prom-libs\guava\jars\guava-16.0.1.jar;C:\Users\fanisani\.ivy2\cache\junit\junit\jars\junit-4.12.jar;C:\Users\fanisani\.ivy2\cache\prom-libs\bsh\jars\bsh-2.0b4.jar;C:\Users\fanisani\.ivy2\cache\prom-libs\Spex\jars\Spex-1.1.jar;C:\Users\fanisani\.ivy2\cache\prom-libs\Uitopia\jars\Uitopia-0.6-20181030.jar;C:\Use
Launcher Type: SUN_STANDARD

Environment Variables:
PATH=C:/Program Files/Java/jre1.8.0_181/bin/server;C:/Program Files/Java/jre1.8.0_181/bin;C:/Program Files/Java/jre1.8.0_181/lib/amd64;C:\Program Files (x86)\Common Files\Oracle\Java\javapath;C:\Windows\system32;C:\Windows;C:\Windows\System32\Wbem;C:\Windows\System32\WindowsPowerShell\v1.0\;C:\Windows\System32\OpenSSH\;C:\Program Files\nodejs\;C:\Users\fanisani\Miniconda3\Library\bin;C:\Users\fanisani\Miniconda3\Scripts;C:\Users\fanisani\Miniconda3;C:\Users\fanisani\Miniconda3\Lib\site-packages\graphviz;C:\Program Files (x86)\Graphviz2.38\bin;C:\Program Files\TortoiseSVN\bin;C:\Users\fanisani\AppData\Local\Microsoft\WindowsApps;C:\Users\fanisani\AppData\Local\Programs\MiKTeX 2.9\miktex\bin\x64\;C:\Users\fanisani\AppData\Roaming\npm;C:\Program Files\Java\jdk1.8.0_181\bin;;C:\Users\fanisani\AppData\Local\Programs\Microsoft VS Code\bin;C:\Windows\system32;
USERNAME=fanisani
OS=Windows_NT
PROCESSOR_IDENTIFIER=Intel64 Family 6 Model 158 Stepping 9, GenuineIntel



---------------  S Y S T E M  ---------------

OS: Windows 10.0 , 64 bit Build 17134 (10.0.17134.753)

CPU:total 8 (initial active 8) (4 cores per cpu, 2 threads per core) family 6 model 158 stepping 9, cmov, cx8, fxsr, mmx, sse, sse2, sse3, ssse3, sse4.1, sse4.2, popcnt, avx, avx2, aes, clmul, erms, 3dnowpref, lzcnt, ht, tsc, tscinvbit, bmi1, bmi2, adx

Memory: 4k page, physical 16609728k(7364924k free), swap 34435520k(16270600k free)

vm_info: Java HotSpot(TM) 64-Bit Server VM (25.181-b13) for windows-amd64 JRE (1.8.0_181-b13), built on Jul  7 2018 04:01:33 by "java_re" with MS VC++ 10.0 (VS2010)

time: Wed Sep 25 16:13:10 2019
elapsed time: 9820 seconds (0d 2h 43m 40s)

